Using pre-set license
Built from '6000.0/release' branch; Version is '6000.0.44f1 (101c91f3a8fb) revision 1055889'; Using compiler version '193933523'; Build Type 'Release'
OS: 'Windows 10  (10.0.19045) 64bit Professional' Language: 'en' Physical Memory: 32686 MB
BatchMode: 1, IsHumanControllingUs: 0, StartBugReporterOnCrash: 0, Is64bit: 1, IsPro: 1

COMMAND LINE ARGUMENTS:
C:\Program Files\Unity\Hub\Editor\6000.0.44f1\Editor\Unity.exe
-adb2
-batchMode
-noUpm
-name
AssetImportWorker8
-projectPath
D:/CyVerse Capstone
-logFile
Logs/AssetImportWorker8.log
-srvPort
62152
-job-worker-count
7
-background-job-worker-count
8
-gc-helper-count
1
Successfully changed project path to: D:/CyVerse Capstone
D:/CyVerse Capstone
[UnityMemory] Configuration Parameters - Can be set up in boot.config
    "memorysetup-bucket-allocator-granularity=16"
    "memorysetup-bucket-allocator-bucket-count=8"
    "memorysetup-bucket-allocator-block-size=33554432"
    "memorysetup-bucket-allocator-block-count=8"
    "memorysetup-main-allocator-block-size=16777216"
    "memorysetup-thread-allocator-block-size=16777216"
    "memorysetup-gfx-main-allocator-block-size=16777216"
    "memorysetup-gfx-thread-allocator-block-size=16777216"
    "memorysetup-cache-allocator-block-size=4194304"
    "memorysetup-typetree-allocator-block-size=2097152"
    "memorysetup-profiler-bucket-allocator-granularity=16"
    "memorysetup-profiler-bucket-allocator-bucket-count=8"
    "memorysetup-profiler-bucket-allocator-block-size=33554432"
    "memorysetup-profiler-bucket-allocator-block-count=8"
    "memorysetup-profiler-allocator-block-size=16777216"
    "memorysetup-profiler-editor-allocator-block-size=1048576"
    "memorysetup-temp-allocator-size-main=16777216"
    "memorysetup-job-temp-allocator-block-size=2097152"
    "memorysetup-job-temp-allocator-block-size-background=1048576"
    "memorysetup-job-temp-allocator-reduction-small-platforms=262144"
    "memorysetup-allocator-temp-initial-block-size-main=262144"
    "memorysetup-allocator-temp-initial-block-size-worker=262144"
    "memorysetup-temp-allocator-size-background-worker=32768"
    "memorysetup-temp-allocator-size-job-worker=262144"
    "memorysetup-temp-allocator-size-preload-manager=33554432"
    "memorysetup-temp-allocator-size-nav-mesh-worker=65536"
    "memorysetup-temp-allocator-size-audio-worker=65536"
    "memorysetup-temp-allocator-size-cloud-worker=32768"
    "memorysetup-temp-allocator-size-gi-baking-worker=262144"
    "memorysetup-temp-allocator-size-gi-baking-worker=262144"
    "memorysetup-temp-allocator-size-gi-baking-worker=262144"
    "memorysetup-temp-allocator-size-gi-baking-worker=262144"
    "memorysetup-temp-allocator-size-gi-baking-worker=262144"
    "memorysetup-temp-allocator-size-gfx=262144"
Player connection [9760]  Target information:

Player connection [9760]  * "[IP] 192.168.0.58 [Port] 0 [Flags] 2 [Guid] 2411781466 [EditorId] 2411781466 [Version] 1048832 [Id] WindowsEditor(7,DESKTOP-9U2DB69) [Debug] 1 [PackageName] WindowsEditor [ProjectName] Editor" 

Player connection [9760]  * "[IP] 192.168.56.1 [Port] 0 [Flags] 2 [Guid] 2411781466 [EditorId] 2411781466 [Version] 1048832 [Id] WindowsEditor(7,DESKTOP-9U2DB69) [Debug] 1 [PackageName] WindowsEditor [ProjectName] Editor" 

Player connection [9760] Host joined multi-casting on [225.0.0.222:54997]...
Player connection [9760] Host joined alternative multi-casting on [225.0.0.222:34997]...
JobSystem: Creating JobQueue using job-worker-count value 7
Input System module state changed to: Initialized.
[Physics::Module] Initialized fallback backend.
[Physics::Module] Id: 0xdecafbad
Library Redirect Path: Library/
[Physics::Module] Selected backend.
[Physics::Module] Name: PhysX
[Physics::Module] Id: 0xf2b8ea05
[Physics::Module] SDK Version: 4.1.2
[Physics::Module] Integration Version: 1.0.0
[Physics::Module] Threading Mode: Multi-Threaded
Refreshing native plugins compatible for Editor in 2.96 ms, found 4 plugins.
Preloading 0 native plugins for Editor in 0.00 ms.
Initialize engine version: 6000.0.44f1 (101c91f3a8fb)
[Subsystems] Discovering subsystems at path C:/Program Files/Unity/Hub/Editor/6000.0.44f1/Editor/Data/Resources/UnitySubsystems
[Subsystems] Discovering subsystems at path D:/CyVerse Capstone/Assets
GfxDevice: creating device client; kGfxThreadingModeNonThreaded
Direct3D:
    Version:  Direct3D 11.0 [level 11.1]
    Renderer: NVIDIA GeForce GTX 1650 SUPER (ID=0x2187)
    Vendor:   NVIDIA
    VRAM:     3930 MB
    Driver:   32.0.15.7216
Initialize mono
Mono path[0] = 'C:/Program Files/Unity/Hub/Editor/6000.0.44f1/Editor/Data/Managed'
Mono path[1] = 'C:/Program Files/Unity/Hub/Editor/6000.0.44f1/Editor/Data/MonoBleedingEdge/lib/mono/unityjit-win32'
Mono config path = 'C:/Program Files/Unity/Hub/Editor/6000.0.44f1/Editor/Data/MonoBleedingEdge/etc'
Using monoOptions --debugger-agent=transport=dt_socket,embedding=1,server=y,suspend=n,address=127.0.0.1:56204
Begin MonoManager ReloadAssembly
Registering precompiled unity dll's ...
Register platform support module: C:/Program Files/Unity/Hub/Editor/6000.0.44f1/Editor/Data/PlaybackEngines/WindowsStandaloneSupport/UnityEditor.WindowsStandalone.Extensions.dll
Registered in 0.002862 seconds.
- Loaded All Assemblies, in  0.374 seconds
Native extension for WindowsStandalone target not found
Mono: successfully reloaded assembly
- Finished resetting the current domain, in  0.292 seconds
Domain Reload Profiling: 664ms
	BeginReloadAssembly (131ms)
		ExecutionOrderSort (0ms)
		DisableScriptedObjects (0ms)
		BackupInstance (0ms)
		ReleaseScriptingObjects (0ms)
		CreateAndSetChildDomain (1ms)
	RebuildCommonClasses (40ms)
	RebuildNativeTypeToScriptingClass (12ms)
	initialDomainReloadingComplete (47ms)
	LoadAllAssembliesAndSetupDomain (142ms)
		LoadAssemblies (127ms)
		RebuildTransferFunctionScriptingTraits (0ms)
		AnalyzeDomain (139ms)
			TypeCache.Refresh (138ms)
				TypeCache.ScanAssembly (126ms)
			BuildScriptInfoCaches (0ms)
			ResolveRequiredComponents (0ms)
	FinalizeReload (293ms)
		ReleaseScriptCaches (0ms)
		RebuildScriptCaches (0ms)
		SetupLoadedEditorAssemblies (248ms)
			LogAssemblyErrors (0ms)
			InitializePlatformSupportModulesInManaged (24ms)
			SetLoadedEditorAssemblies (4ms)
			BeforeProcessingInitializeOnLoad (46ms)
			ProcessInitializeOnLoadAttributes (127ms)
			ProcessInitializeOnLoadMethodAttributes (48ms)
			AfterProcessingInitializeOnLoad (0ms)
			EditorAssembliesLoaded (0ms)
		ExecutionOrderSort2 (0ms)
		AwakeInstancesAfterBackupRestoration (0ms)
========================================================================
Worker process is ready to serve import requests
Import Worker Mode flag is 0x00
Begin MonoManager ReloadAssembly
- Loaded All Assemblies, in  0.776 seconds
Refreshing native plugins compatible for Editor in 1.75 ms, found 4 plugins.
Native extension for WindowsStandalone target not found
Mono: successfully reloaded assembly
- Finished resetting the current domain, in  0.842 seconds
Domain Reload Profiling: 1613ms
	BeginReloadAssembly (152ms)
		ExecutionOrderSort (0ms)
		DisableScriptedObjects (6ms)
		BackupInstance (0ms)
		ReleaseScriptingObjects (0ms)
		CreateAndSetChildDomain (25ms)
	RebuildCommonClasses (34ms)
	RebuildNativeTypeToScriptingClass (12ms)
	initialDomainReloadingComplete (39ms)
	LoadAllAssembliesAndSetupDomain (534ms)
		LoadAssemblies (319ms)
		RebuildTransferFunctionScriptingTraits (0ms)
		AnalyzeDomain (304ms)
			TypeCache.Refresh (223ms)
				TypeCache.ScanAssembly (203ms)
			BuildScriptInfoCaches (64ms)
			ResolveRequiredComponents (13ms)
	FinalizeReload (842ms)
		ReleaseScriptCaches (0ms)
		RebuildScriptCaches (0ms)
		SetupLoadedEditorAssemblies (668ms)
			LogAssemblyErrors (0ms)
			InitializePlatformSupportModulesInManaged (3ms)
			SetLoadedEditorAssemblies (5ms)
			BeforeProcessingInitializeOnLoad (133ms)
			ProcessInitializeOnLoadAttributes (409ms)
			ProcessInitializeOnLoadMethodAttributes (112ms)
			AfterProcessingInitializeOnLoad (6ms)
			EditorAssembliesLoaded (0ms)
		ExecutionOrderSort2 (0ms)
		AwakeInstancesAfterBackupRestoration (5ms)
Launched and connected shader compiler UnityShaderCompiler.exe after 0.01 seconds
Refreshing native plugins compatible for Editor in 2.22 ms, found 4 plugins.
Preloading 0 native plugins for Editor in 0.00 ms.
Unloading 220 Unused Serialized files (Serialized files now loaded: 0)
Unloading 6604 unused Assets / (7.3 MB). Loaded Objects now: 7264.
Memory consumption went from 183.1 MB to 175.8 MB.
Total: 13.339400 ms (FindLiveObjects: 0.913200 ms CreateObjectMapping: 1.146400 ms MarkObjects: 6.559800 ms  DeleteObjects: 4.719000 ms)

========================================================================
Received Import Request.
  Time since last request: 22846.065725 seconds.
  path: Assets/Gutty Kreum/JRPG Character Pack/Tiles/Tilemap_240.asset
  artifactKey: Guid(98a1cdf3f2bac1d43b26dc16064e66ea) Importer(815301076,1909f56bfc062723c751e8b465ee728b)
Start importing Assets/Gutty Kreum/JRPG Character Pack/Tiles/Tilemap_240.asset using Guid(98a1cdf3f2bac1d43b26dc16064e66ea) Importer(815301076,1909f56bfc062723c751e8b465ee728b) (PreviewImporter) -> (artifact id: '3978c41fdefdef8f0efc17e4cead237c') in 0.0893444 seconds
Number of updated asset objects reloaded before import = 0Number of asset objects unloaded after import = 3

========================================================================
Received Import Request.
  Time since last request: 0.000014 seconds.
  path: Assets/Gutty Kreum/JRPG Character Pack/Tiles/Tilemap_252.asset
  artifactKey: Guid(116d597c6df8c264c8b720a8a95f9f6e) Importer(815301076,1909f56bfc062723c751e8b465ee728b)
Start importing Assets/Gutty Kreum/JRPG Character Pack/Tiles/Tilemap_252.asset using Guid(116d597c6df8c264c8b720a8a95f9f6e) Importer(815301076,1909f56bfc062723c751e8b465ee728b) (PreviewImporter) -> (artifact id: '8225ab98f7e4c922aee6398decc3eef2') in 0.0123947 seconds
Number of updated asset objects reloaded before import = 0Number of asset objects unloaded after import = 3

========================================================================
Received Import Request.
  Time since last request: 0.000012 seconds.
  path: Assets/Gutty Kreum/JRPG Character Pack/Tiles/Tilemap_262.asset
  artifactKey: Guid(afe78cbf581d534489aa98aec4ea3d83) Importer(815301076,1909f56bfc062723c751e8b465ee728b)
Start importing Assets/Gutty Kreum/JRPG Character Pack/Tiles/Tilemap_262.asset using Guid(afe78cbf581d534489aa98aec4ea3d83) Importer(815301076,1909f56bfc062723c751e8b465ee728b) (PreviewImporter) -> (artifact id: '4cf317c6a2137b9f9d5b070f7847ecc8') in 0.0107003 seconds
Number of updated asset objects reloaded before import = 0Number of asset objects unloaded after import = 3

========================================================================
Received Import Request.
  Time since last request: 0.000013 seconds.
  path: Assets/Gutty Kreum/JRPG Character Pack/Tiles/Tilemap_268.asset
  artifactKey: Guid(ec8e579f831d1aa419be137b235353af) Importer(815301076,1909f56bfc062723c751e8b465ee728b)
Start importing Assets/Gutty Kreum/JRPG Character Pack/Tiles/Tilemap_268.asset using Guid(ec8e579f831d1aa419be137b235353af) Importer(815301076,1909f56bfc062723c751e8b465ee728b) (PreviewImporter) -> (artifact id: '8354e4cd6d093de3b06711c9bf5056cb') in 0.010736 seconds
Number of updated asset objects reloaded before import = 0Number of asset objects unloaded after import = 3

========================================================================
Received Import Request.
  Time since last request: 0.000018 seconds.
  path: Assets/Gutty Kreum/JRPG Character Pack/Tiles/Tilemap_273.asset
  artifactKey: Guid(040de4202d287ca409c5c5dd84104614) Importer(815301076,1909f56bfc062723c751e8b465ee728b)
Start importing Assets/Gutty Kreum/JRPG Character Pack/Tiles/Tilemap_273.asset using Guid(040de4202d287ca409c5c5dd84104614) Importer(815301076,1909f56bfc062723c751e8b465ee728b) (PreviewImporter) -> (artifact id: '2fadd2caacf09fbbe5f60bed63fe1a88') in 0.0121819 seconds
Number of updated asset objects reloaded before import = 0Number of asset objects unloaded after import = 3

========================================================================
Received Import Request.
  Time since last request: 0.000012 seconds.
  path: Assets/Gutty Kreum/JRPG Character Pack/Tiles/Tilemap_279.asset
  artifactKey: Guid(5d2d5046e8d401743a93086f8fbbce22) Importer(815301076,1909f56bfc062723c751e8b465ee728b)
Start importing Assets/Gutty Kreum/JRPG Character Pack/Tiles/Tilemap_279.asset using Guid(5d2d5046e8d401743a93086f8fbbce22) Importer(815301076,1909f56bfc062723c751e8b465ee728b) (PreviewImporter) -> (artifact id: 'cebbf77fe6381aea4066ef65de911614') in 0.011423 seconds
Number of updated asset objects reloaded before import = 0Number of asset objects unloaded after import = 3

========================================================================
Received Import Request.
  Time since last request: 0.000013 seconds.
  path: Assets/Gutty Kreum/JRPG Character Pack/Tiles/Tilemap_286.asset
  artifactKey: Guid(7700528a779beb044afcc02e7ef58612) Importer(815301076,1909f56bfc062723c751e8b465ee728b)
Start importing Assets/Gutty Kreum/JRPG Character Pack/Tiles/Tilemap_286.asset using Guid(7700528a779beb044afcc02e7ef58612) Importer(815301076,1909f56bfc062723c751e8b465ee728b) (PreviewImporter) -> (artifact id: '60a7a1eda9fbd6d6409970dc778ab465') in 0.0131344 seconds
Number of updated asset objects reloaded before import = 0Number of asset objects unloaded after import = 3

========================================================================
Received Import Request.
  Time since last request: 0.000012 seconds.
  path: Assets/Gutty Kreum/JRPG Character Pack/Tiles/Tilemap_293.asset
  artifactKey: Guid(09a806982347f1a4fb16fd42aec810cc) Importer(815301076,1909f56bfc062723c751e8b465ee728b)
Start importing Assets/Gutty Kreum/JRPG Character Pack/Tiles/Tilemap_293.asset using Guid(09a806982347f1a4fb16fd42aec810cc) Importer(815301076,1909f56bfc062723c751e8b465ee728b) (PreviewImporter) -> (artifact id: 'b99d4d12915fd4d16a2fc149fcdc5770') in 0.0113134 seconds
Number of updated asset objects reloaded before import = 0Number of asset objects unloaded after import = 3

========================================================================
Received Import Request.
  Time since last request: 0.000013 seconds.
  path: Assets/Gutty Kreum/JRPG Character Pack/Tiles/Tilemap_297.asset
  artifactKey: Guid(cc7109274aeb9b34eb119cb1c8d149f0) Importer(815301076,1909f56bfc062723c751e8b465ee728b)
Start importing Assets/Gutty Kreum/JRPG Character Pack/Tiles/Tilemap_297.asset using Guid(cc7109274aeb9b34eb119cb1c8d149f0) Importer(815301076,1909f56bfc062723c751e8b465ee728b) (PreviewImporter) -> (artifact id: 'd0c863297bd531a24422306502bd4f2d') in 0.0110443 seconds
Number of updated asset objects reloaded before import = 0Number of asset objects unloaded after import = 3

========================================================================
Received Import Request.
  Time since last request: 0.000012 seconds.
  path: Assets/Gutty Kreum/JRPG Character Pack/Tiles/Tilemap_305.asset
  artifactKey: Guid(33a9d7c99f33ef34ca51bbba967f3793) Importer(815301076,1909f56bfc062723c751e8b465ee728b)
Start importing Assets/Gutty Kreum/JRPG Character Pack/Tiles/Tilemap_305.asset using Guid(33a9d7c99f33ef34ca51bbba967f3793) Importer(815301076,1909f56bfc062723c751e8b465ee728b) (PreviewImporter) -> (artifact id: '907ccb57b39d4c968563fdc845fd21e2') in 0.0100019 seconds
Number of updated asset objects reloaded before import = 0Number of asset objects unloaded after import = 3

========================================================================
Received Import Request.
  Time since last request: 0.000014 seconds.
  path: Assets/Gutty Kreum/JRPG Character Pack/Tiles/Tilemap_306.asset
  artifactKey: Guid(21551449394bc9f40a307591f0ea9b10) Importer(815301076,1909f56bfc062723c751e8b465ee728b)
Start importing Assets/Gutty Kreum/JRPG Character Pack/Tiles/Tilemap_306.asset using Guid(21551449394bc9f40a307591f0ea9b10) Importer(815301076,1909f56bfc062723c751e8b465ee728b) (PreviewImporter) -> (artifact id: '1a90137f7458f220e680b3fd570ffb7b') in 0.0094926 seconds
Number of updated asset objects reloaded before import = 0Number of asset objects unloaded after import = 3

========================================================================
Received Import Request.
  Time since last request: 0.000017 seconds.
  path: Assets/Gutty Kreum/JRPG Character Pack/Tiles/Tilemap_281.asset
  artifactKey: Guid(b61a8f49d968bd544a1f033c9642ad56) Importer(815301076,1909f56bfc062723c751e8b465ee728b)
Start importing Assets/Gutty Kreum/JRPG Character Pack/Tiles/Tilemap_281.asset using Guid(b61a8f49d968bd544a1f033c9642ad56) Importer(815301076,1909f56bfc062723c751e8b465ee728b) (PreviewImporter) -> (artifact id: '4f694879922abf1cb78fd908d0819c16') in 0.010162 seconds
Number of updated asset objects reloaded before import = 0Number of asset objects unloaded after import = 3

========================================================================
Received Import Request.
  Time since last request: 0.000011 seconds.
  path: Assets/Gutty Kreum/JRPG Character Pack/Tiles/Tilemap_246.asset
  artifactKey: Guid(0bc589bdb0cb85d4aa9021968774b5c9) Importer(815301076,1909f56bfc062723c751e8b465ee728b)
Start importing Assets/Gutty Kreum/JRPG Character Pack/Tiles/Tilemap_246.asset using Guid(0bc589bdb0cb85d4aa9021968774b5c9) Importer(815301076,1909f56bfc062723c751e8b465ee728b) (PreviewImporter) -> (artifact id: '2ae8b0b9e5e468438db0dd70016a9d92') in 0.0101558 seconds
Number of updated asset objects reloaded before import = 0Number of asset objects unloaded after import = 3

========================================================================
Received Import Request.
  Time since last request: 0.000011 seconds.
  path: Assets/Gutty Kreum/JRPG Character Pack/Tiles/Tilemap_259.asset
  artifactKey: Guid(bd34bd4ea9472f94abaa4ea5953081ea) Importer(815301076,1909f56bfc062723c751e8b465ee728b)
Start importing Assets/Gutty Kreum/JRPG Character Pack/Tiles/Tilemap_259.asset using Guid(bd34bd4ea9472f94abaa4ea5953081ea) Importer(815301076,1909f56bfc062723c751e8b465ee728b) (PreviewImporter) -> (artifact id: 'acc2a04b13f83cca682f9ec51629cbf8') in 0.0099546 seconds
Number of updated asset objects reloaded before import = 0Number of asset objects unloaded after import = 3

========================================================================
Received Import Request.
  Time since last request: 0.000011 seconds.
  path: Assets/Gutty Kreum/JRPG Character Pack/Tiles/Tilemap_307.asset
  artifactKey: Guid(13b7c8be7ceaf2a45a435edf8465f2fd) Importer(815301076,1909f56bfc062723c751e8b465ee728b)
Start importing Assets/Gutty Kreum/JRPG Character Pack/Tiles/Tilemap_307.asset using Guid(13b7c8be7ceaf2a45a435edf8465f2fd) Importer(815301076,1909f56bfc062723c751e8b465ee728b) (PreviewImporter) -> (artifact id: '89722f19b68f7846e39cbe0165eb5302') in 0.0090312 seconds
Number of updated asset objects reloaded before import = 0Number of asset objects unloaded after import = 3

========================================================================
Received Import Request.
  Time since last request: 0.000010 seconds.
  path: Assets/Gutty Kreum/JRPG Character Pack/Tiles/Tilemap_313.asset
  artifactKey: Guid(6cd18cae697cfb54aa1e91b8dd835da6) Importer(815301076,1909f56bfc062723c751e8b465ee728b)
Start importing Assets/Gutty Kreum/JRPG Character Pack/Tiles/Tilemap_313.asset using Guid(6cd18cae697cfb54aa1e91b8dd835da6) Importer(815301076,1909f56bfc062723c751e8b465ee728b) (PreviewImporter) -> (artifact id: '6b82ad3b818a54f3eb27180286dde4ef') in 0.0093846 seconds
Number of updated asset objects reloaded before import = 0Number of asset objects unloaded after import = 3

========================================================================
Received Import Request.
  Time since last request: 0.000010 seconds.
  path: Assets/Gutty Kreum/JRPG Character Pack/Tiles/Tilemap_315.asset
  artifactKey: Guid(9fc7a41f4524c7a4196c8473759dbafe) Importer(815301076,1909f56bfc062723c751e8b465ee728b)
Start importing Assets/Gutty Kreum/JRPG Character Pack/Tiles/Tilemap_315.asset using Guid(9fc7a41f4524c7a4196c8473759dbafe) Importer(815301076,1909f56bfc062723c751e8b465ee728b) (PreviewImporter) -> (artifact id: '9046d315eeef3bd8cdf91b8c9131e826') in 0.0100635 seconds
Number of updated asset objects reloaded before import = 0Number of asset objects unloaded after import = 3

========================================================================
Received Import Request.
  Time since last request: 0.000010 seconds.
  path: Assets/Gutty Kreum/JRPG Character Pack/Tiles/Tilemap_303.asset
  artifactKey: Guid(e21aa2f478b4afe42b5174beccf551dc) Importer(815301076,1909f56bfc062723c751e8b465ee728b)
Start importing Assets/Gutty Kreum/JRPG Character Pack/Tiles/Tilemap_303.asset using Guid(e21aa2f478b4afe42b5174beccf551dc) Importer(815301076,1909f56bfc062723c751e8b465ee728b) (PreviewImporter) -> (artifact id: 'aed01dda262d4c718b50bb986cc5a482') in 0.0101634 seconds
Number of updated asset objects reloaded before import = 0Number of asset objects unloaded after import = 3

========================================================================
Received Import Request.
  Time since last request: 0.000012 seconds.
  path: Assets/Gutty Kreum/JRPG Character Pack/Tiles/Tilemap_330.asset
  artifactKey: Guid(54edef42075d0094db17f3b68442a868) Importer(815301076,1909f56bfc062723c751e8b465ee728b)
Start importing Assets/Gutty Kreum/JRPG Character Pack/Tiles/Tilemap_330.asset using Guid(54edef42075d0094db17f3b68442a868) Importer(815301076,1909f56bfc062723c751e8b465ee728b) (PreviewImporter) -> (artifact id: 'f341c1bbdfcca337016af4a4f78a6fe0') in 0.009087 seconds
Number of updated asset objects reloaded before import = 0Number of asset objects unloaded after import = 3

========================================================================
Received Import Request.
  Time since last request: 0.000017 seconds.
  path: Assets/Gutty Kreum/JRPG Character Pack/Tiles/Tilemap_334.asset
  artifactKey: Guid(79f688883f7d29148a0d53e44ffd9dd6) Importer(815301076,1909f56bfc062723c751e8b465ee728b)
Start importing Assets/Gutty Kreum/JRPG Character Pack/Tiles/Tilemap_334.asset using Guid(79f688883f7d29148a0d53e44ffd9dd6) Importer(815301076,1909f56bfc062723c751e8b465ee728b) (PreviewImporter) -> (artifact id: '6ba999611c7fbc7d29c40a5b96a533e1') in 0.0106963 seconds
Number of updated asset objects reloaded before import = 0Number of asset objects unloaded after import = 3

========================================================================
Received Import Request.
  Time since last request: 0.000011 seconds.
  path: Assets/Gutty Kreum/JRPG Character Pack/Tiles/Tilemap_327.asset
  artifactKey: Guid(2f1a860e278f1384584c2533d67dc247) Importer(815301076,1909f56bfc062723c751e8b465ee728b)
Start importing Assets/Gutty Kreum/JRPG Character Pack/Tiles/Tilemap_327.asset using Guid(2f1a860e278f1384584c2533d67dc247) Importer(815301076,1909f56bfc062723c751e8b465ee728b) (PreviewImporter) -> (artifact id: '4ca7d76315898984d520b3cbaed55bfb') in 0.0108496 seconds
Number of updated asset objects reloaded before import = 0Number of asset objects unloaded after import = 3

========================================================================
Received Import Request.
  Time since last request: 0.000012 seconds.
  path: Assets/Gutty Kreum/JRPG Character Pack/Tiles/Tilemap_311.asset
  artifactKey: Guid(3eb801bdba513134fb551d2589fa78f9) Importer(815301076,1909f56bfc062723c751e8b465ee728b)
Start importing Assets/Gutty Kreum/JRPG Character Pack/Tiles/Tilemap_311.asset using Guid(3eb801bdba513134fb551d2589fa78f9) Importer(815301076,1909f56bfc062723c751e8b465ee728b) (PreviewImporter) -> (artifact id: '7d542c841bf5fe54ed66af13d2769866') in 0.0103512 seconds
Number of updated asset objects reloaded before import = 0Number of asset objects unloaded after import = 3

========================================================================
Received Import Request.
  Time since last request: 0.000011 seconds.
  path: Assets/Gutty Kreum/JRPG Character Pack/Tiles/Tilemap_324.asset
  artifactKey: Guid(301e53277c8ce6644a8c02da67dca0f1) Importer(815301076,1909f56bfc062723c751e8b465ee728b)
Start importing Assets/Gutty Kreum/JRPG Character Pack/Tiles/Tilemap_324.asset using Guid(301e53277c8ce6644a8c02da67dca0f1) Importer(815301076,1909f56bfc062723c751e8b465ee728b) (PreviewImporter) -> (artifact id: 'a344481329f32555547f10f1792bf302') in 0.0109313 seconds
Number of updated asset objects reloaded before import = 0Number of asset objects unloaded after import = 3

========================================================================
Received Import Request.
  Time since last request: 0.000012 seconds.
  path: Assets/Gutty Kreum/JRPG Character Pack/Tiles/Tilemap_261.asset
  artifactKey: Guid(ffccc6025b096d246bbcb2c082c726a9) Importer(815301076,1909f56bfc062723c751e8b465ee728b)
Start importing Assets/Gutty Kreum/JRPG Character Pack/Tiles/Tilemap_261.asset using Guid(ffccc6025b096d246bbcb2c082c726a9) Importer(815301076,1909f56bfc062723c751e8b465ee728b) (PreviewImporter) -> (artifact id: '2e8893ebe2344522a26331a682d6260f') in 0.0108935 seconds
Number of updated asset objects reloaded before import = 0Number of asset objects unloaded after import = 3

========================================================================
Received Import Request.
  Time since last request: 0.000011 seconds.
  path: Assets/Gutty Kreum/JRPG Character Pack/Tiles/Tilemap_274.asset
  artifactKey: Guid(3340b41afc3e906419a47bd236bf8ab3) Importer(815301076,1909f56bfc062723c751e8b465ee728b)
Start importing Assets/Gutty Kreum/JRPG Character Pack/Tiles/Tilemap_274.asset using Guid(3340b41afc3e906419a47bd236bf8ab3) Importer(815301076,1909f56bfc062723c751e8b465ee728b) (PreviewImporter) -> (artifact id: 'b2e591af52bd51d2b03dd94b3a1af1e2') in 0.0108336 seconds
Number of updated asset objects reloaded before import = 0Number of asset objects unloaded after import = 3

========================================================================
Received Prepare
Refreshing native plugins compatible for Editor in 2.35 ms, found 4 plugins.
Preloading 0 native plugins for Editor in 0.00 ms.
Unloading 40 Unused Serialized files (Serialized files now loaded: 0)
Unloading 6592 unused Assets / (8.8 MB). Loaded Objects now: 7274.
Memory consumption went from 158.4 MB to 149.6 MB.
Total: 36.378500 ms (FindLiveObjects: 0.850300 ms CreateObjectMapping: 1.589800 ms MarkObjects: 9.573500 ms  DeleteObjects: 24.363200 ms)

Prepare: number of updated asset objects reloaded= 0
========================================================================
Received Import Request.
  Time since last request: 264.043090 seconds.
  path: Assets/Scripts/MoveSpriteWest.cs
  artifactKey: Guid(444fcec90129f4a42abb675566c9c5cb) Importer(815301076,1909f56bfc062723c751e8b465ee728b)
Start importing Assets/Scripts/MoveSpriteWest.cs using Guid(444fcec90129f4a42abb675566c9c5cb) Importer(815301076,1909f56bfc062723c751e8b465ee728b) (PreviewImporter) -> (artifact id: '5b83c1ba2d66c2bafdc06071a3d4facc') in 0.0031773 seconds
Number of updated asset objects reloaded before import = 0Number of asset objects unloaded after import = 0

========================================================================
Received Prepare
Begin MonoManager ReloadAssembly
- Loaded All Assemblies, in  0.875 seconds
Refreshing native plugins compatible for Editor in 1.76 ms, found 4 plugins.
Native extension for WindowsStandalone target not found
Mono: successfully reloaded assembly
- Finished resetting the current domain, in  0.837 seconds
Domain Reload Profiling: 1710ms
	BeginReloadAssembly (260ms)
		ExecutionOrderSort (0ms)
		DisableScriptedObjects (18ms)
		BackupInstance (0ms)
		ReleaseScriptingObjects (0ms)
		CreateAndSetChildDomain (55ms)
	RebuildCommonClasses (57ms)
	RebuildNativeTypeToScriptingClass (20ms)
	initialDomainReloadingComplete (39ms)
	LoadAllAssembliesAndSetupDomain (496ms)
		LoadAssemblies (399ms)
		RebuildTransferFunctionScriptingTraits (0ms)
		AnalyzeDomain (231ms)
			TypeCache.Refresh (11ms)
				TypeCache.ScanAssembly (1ms)
			BuildScriptInfoCaches (203ms)
			ResolveRequiredComponents (14ms)
	FinalizeReload (838ms)
		ReleaseScriptCaches (0ms)
		RebuildScriptCaches (0ms)
		SetupLoadedEditorAssemblies (598ms)
			LogAssemblyErrors (0ms)
			InitializePlatformSupportModulesInManaged (3ms)
			SetLoadedEditorAssemblies (4ms)
			BeforeProcessingInitializeOnLoad (125ms)
			ProcessInitializeOnLoadAttributes (384ms)
			ProcessInitializeOnLoadMethodAttributes (74ms)
			AfterProcessingInitializeOnLoad (7ms)
			EditorAssembliesLoaded (0ms)
		ExecutionOrderSort2 (0ms)
		AwakeInstancesAfterBackupRestoration (13ms)
Refreshing native plugins compatible for Editor in 2.28 ms, found 4 plugins.
Preloading 0 native plugins for Editor in 0.00 ms.
Unloading 40 Unused Serialized files (Serialized files now loaded: 0)
Unloading 6603 unused Assets / (7.4 MB). Loaded Objects now: 7276.
Memory consumption went from 161.3 MB to 153.9 MB.
Total: 14.099000 ms (FindLiveObjects: 0.891500 ms CreateObjectMapping: 1.440300 ms MarkObjects: 6.838300 ms  DeleteObjects: 4.927900 ms)

Prepare: number of updated asset objects reloaded= 0
========================================================================
Received Prepare
Begin MonoManager ReloadAssembly
- Loaded All Assemblies, in  0.675 seconds
Refreshing native plugins compatible for Editor in 1.51 ms, found 4 plugins.
Native extension for WindowsStandalone target not found
Mono: successfully reloaded assembly
- Finished resetting the current domain, in  0.714 seconds
Domain Reload Profiling: 1388ms
	BeginReloadAssembly (189ms)
		ExecutionOrderSort (0ms)
		DisableScriptedObjects (14ms)
		BackupInstance (0ms)
		ReleaseScriptingObjects (0ms)
		CreateAndSetChildDomain (43ms)
	RebuildCommonClasses (33ms)
	RebuildNativeTypeToScriptingClass (13ms)
	initialDomainReloadingComplete (26ms)
	LoadAllAssembliesAndSetupDomain (413ms)
		LoadAssemblies (319ms)
		RebuildTransferFunctionScriptingTraits (0ms)
		AnalyzeDomain (182ms)
			TypeCache.Refresh (10ms)
				TypeCache.ScanAssembly (1ms)
			BuildScriptInfoCaches (159ms)
			ResolveRequiredComponents (11ms)
	FinalizeReload (714ms)
		ReleaseScriptCaches (0ms)
		RebuildScriptCaches (0ms)
		SetupLoadedEditorAssemblies (524ms)
			LogAssemblyErrors (0ms)
			InitializePlatformSupportModulesInManaged (2ms)
			SetLoadedEditorAssemblies (3ms)
			BeforeProcessingInitializeOnLoad (102ms)
			ProcessInitializeOnLoadAttributes (340ms)
			ProcessInitializeOnLoadMethodAttributes (70ms)
			AfterProcessingInitializeOnLoad (7ms)
			EditorAssembliesLoaded (0ms)
		ExecutionOrderSort2 (0ms)
		AwakeInstancesAfterBackupRestoration (13ms)
Refreshing native plugins compatible for Editor in 2.36 ms, found 4 plugins.
Preloading 0 native plugins for Editor in 0.00 ms.
Unloading 40 Unused Serialized files (Serialized files now loaded: 0)
Unloading 6603 unused Assets / (7.3 MB). Loaded Objects now: 7278.
Memory consumption went from 161.3 MB to 153.9 MB.
Total: 14.277300 ms (FindLiveObjects: 0.882100 ms CreateObjectMapping: 1.437100 ms MarkObjects: 6.832700 ms  DeleteObjects: 5.124200 ms)

Prepare: number of updated asset objects reloaded= 0
========================================================================
Received Prepare
Begin MonoManager ReloadAssembly
- Loaded All Assemblies, in  0.772 seconds
Refreshing native plugins compatible for Editor in 1.85 ms, found 4 plugins.
Native extension for WindowsStandalone target not found
Mono: successfully reloaded assembly
- Finished resetting the current domain, in  0.875 seconds
Domain Reload Profiling: 1646ms
	BeginReloadAssembly (195ms)
		ExecutionOrderSort (0ms)
		DisableScriptedObjects (14ms)
		BackupInstance (0ms)
		ReleaseScriptingObjects (0ms)
		CreateAndSetChildDomain (46ms)
	RebuildCommonClasses (44ms)
	RebuildNativeTypeToScriptingClass (16ms)
	initialDomainReloadingComplete (32ms)
	LoadAllAssembliesAndSetupDomain (483ms)
		LoadAssemblies (344ms)
		RebuildTransferFunctionScriptingTraits (0ms)
		AnalyzeDomain (235ms)
			TypeCache.Refresh (7ms)
				TypeCache.ScanAssembly (0ms)
			BuildScriptInfoCaches (210ms)
			ResolveRequiredComponents (14ms)
	FinalizeReload (875ms)
		ReleaseScriptCaches (0ms)
		RebuildScriptCaches (0ms)
		SetupLoadedEditorAssemblies (637ms)
			LogAssemblyErrors (0ms)
			InitializePlatformSupportModulesInManaged (2ms)
			SetLoadedEditorAssemblies (4ms)
			BeforeProcessingInitializeOnLoad (130ms)
			ProcessInitializeOnLoadAttributes (415ms)
			ProcessInitializeOnLoadMethodAttributes (77ms)
			AfterProcessingInitializeOnLoad (8ms)
			EditorAssembliesLoaded (0ms)
		ExecutionOrderSort2 (0ms)
		AwakeInstancesAfterBackupRestoration (14ms)
Refreshing native plugins compatible for Editor in 2.73 ms, found 4 plugins.
Preloading 0 native plugins for Editor in 0.00 ms.
Unloading 40 Unused Serialized files (Serialized files now loaded: 0)
Unloading 6603 unused Assets / (7.7 MB). Loaded Objects now: 7280.
Memory consumption went from 161.3 MB to 153.5 MB.
Total: 15.773100 ms (FindLiveObjects: 1.050600 ms CreateObjectMapping: 1.655700 ms MarkObjects: 7.223500 ms  DeleteObjects: 5.841700 ms)

Prepare: number of updated asset objects reloaded= 0
========================================================================
Received Prepare
Begin MonoManager ReloadAssembly
- Loaded All Assemblies, in  0.649 seconds
Refreshing native plugins compatible for Editor in 1.53 ms, found 4 plugins.
Native extension for WindowsStandalone target not found
Mono: successfully reloaded assembly
- Finished resetting the current domain, in  0.726 seconds
Domain Reload Profiling: 1375ms
	BeginReloadAssembly (186ms)
		ExecutionOrderSort (0ms)
		DisableScriptedObjects (14ms)
		BackupInstance (0ms)
		ReleaseScriptingObjects (0ms)
		CreateAndSetChildDomain (40ms)
	RebuildCommonClasses (33ms)
	RebuildNativeTypeToScriptingClass (13ms)
	initialDomainReloadingComplete (26ms)
	LoadAllAssembliesAndSetupDomain (390ms)
		LoadAssemblies (302ms)
		RebuildTransferFunctionScriptingTraits (0ms)
		AnalyzeDomain (182ms)
			TypeCache.Refresh (6ms)
				TypeCache.ScanAssembly (0ms)
			BuildScriptInfoCaches (162ms)
			ResolveRequiredComponents (11ms)
	FinalizeReload (726ms)
		ReleaseScriptCaches (0ms)
		RebuildScriptCaches (0ms)
		SetupLoadedEditorAssemblies (534ms)
			LogAssemblyErrors (0ms)
			InitializePlatformSupportModulesInManaged (2ms)
			SetLoadedEditorAssemblies (4ms)
			BeforeProcessingInitializeOnLoad (109ms)
			ProcessInitializeOnLoadAttributes (345ms)
			ProcessInitializeOnLoadMethodAttributes (67ms)
			AfterProcessingInitializeOnLoad (6ms)
			EditorAssembliesLoaded (0ms)
		ExecutionOrderSort2 (0ms)
		AwakeInstancesAfterBackupRestoration (12ms)
Refreshing native plugins compatible for Editor in 2.55 ms, found 4 plugins.
Preloading 0 native plugins for Editor in 0.00 ms.
Unloading 40 Unused Serialized files (Serialized files now loaded: 0)
Unloading 6603 unused Assets / (7.4 MB). Loaded Objects now: 7282.
Memory consumption went from 161.3 MB to 153.9 MB.
Total: 14.798100 ms (FindLiveObjects: 0.879300 ms CreateObjectMapping: 1.430200 ms MarkObjects: 7.236700 ms  DeleteObjects: 5.251200 ms)

Prepare: number of updated asset objects reloaded= 0
========================================================================
Received Prepare
Begin MonoManager ReloadAssembly
- Loaded All Assemblies, in  0.688 seconds
Refreshing native plugins compatible for Editor in 1.53 ms, found 4 plugins.
Native extension for WindowsStandalone target not found
Mono: successfully reloaded assembly
- Finished resetting the current domain, in  0.702 seconds
Domain Reload Profiling: 1389ms
	BeginReloadAssembly (185ms)
		ExecutionOrderSort (0ms)
		DisableScriptedObjects (17ms)
		BackupInstance (0ms)
		ReleaseScriptingObjects (0ms)
		CreateAndSetChildDomain (40ms)
	RebuildCommonClasses (36ms)
	RebuildNativeTypeToScriptingClass (13ms)
	initialDomainReloadingComplete (27ms)
	LoadAllAssembliesAndSetupDomain (426ms)
		LoadAssemblies (316ms)
		RebuildTransferFunctionScriptingTraits (0ms)
		AnalyzeDomain (198ms)
			TypeCache.Refresh (6ms)
				TypeCache.ScanAssembly (0ms)
			BuildScriptInfoCaches (174ms)
			ResolveRequiredComponents (14ms)
	FinalizeReload (702ms)
		ReleaseScriptCaches (0ms)
		RebuildScriptCaches (0ms)
		SetupLoadedEditorAssemblies (517ms)
			LogAssemblyErrors (0ms)
			InitializePlatformSupportModulesInManaged (2ms)
			SetLoadedEditorAssemblies (3ms)
			BeforeProcessingInitializeOnLoad (106ms)
			ProcessInitializeOnLoadAttributes (332ms)
			ProcessInitializeOnLoadMethodAttributes (67ms)
			AfterProcessingInitializeOnLoad (7ms)
			EditorAssembliesLoaded (0ms)
		ExecutionOrderSort2 (0ms)
		AwakeInstancesAfterBackupRestoration (11ms)
Refreshing native plugins compatible for Editor in 2.50 ms, found 4 plugins.
Preloading 0 native plugins for Editor in 0.00 ms.
Unloading 40 Unused Serialized files (Serialized files now loaded: 0)
Unloading 6603 unused Assets / (7.4 MB). Loaded Objects now: 7284.
Memory consumption went from 161.2 MB to 153.8 MB.
Total: 14.740500 ms (FindLiveObjects: 0.897500 ms CreateObjectMapping: 1.403100 ms MarkObjects: 7.014200 ms  DeleteObjects: 5.424900 ms)

Prepare: number of updated asset objects reloaded= 0
========================================================================
Received Prepare
Refreshing native plugins compatible for Editor in 2.33 ms, found 4 plugins.
Preloading 0 native plugins for Editor in 0.00 ms.
Unloading 40 Unused Serialized files (Serialized files now loaded: 0)
Unloading 6592 unused Assets / (7.2 MB). Loaded Objects now: 7284.
Memory consumption went from 161.4 MB to 154.2 MB.
Total: 13.744700 ms (FindLiveObjects: 0.832300 ms CreateObjectMapping: 1.256400 ms MarkObjects: 6.793200 ms  DeleteObjects: 4.860100 ms)

Prepare: number of updated asset objects reloaded= 0
========================================================================
Received Prepare
Begin MonoManager ReloadAssembly
- Loaded All Assemblies, in  0.654 seconds
Refreshing native plugins compatible for Editor in 1.53 ms, found 4 plugins.
Native extension for WindowsStandalone target not found
Mono: successfully reloaded assembly
- Finished resetting the current domain, in  0.672 seconds
Domain Reload Profiling: 1325ms
	BeginReloadAssembly (179ms)
		ExecutionOrderSort (0ms)
		DisableScriptedObjects (13ms)
		BackupInstance (0ms)
		ReleaseScriptingObjects (0ms)
		CreateAndSetChildDomain (39ms)
	RebuildCommonClasses (34ms)
	RebuildNativeTypeToScriptingClass (13ms)
	initialDomainReloadingComplete (27ms)
	LoadAllAssembliesAndSetupDomain (400ms)
		LoadAssemblies (304ms)
		RebuildTransferFunctionScriptingTraits (0ms)
		AnalyzeDomain (184ms)
			TypeCache.Refresh (10ms)
				TypeCache.ScanAssembly (1ms)
			BuildScriptInfoCaches (160ms)
			ResolveRequiredComponents (11ms)
	FinalizeReload (672ms)
		ReleaseScriptCaches (0ms)
		RebuildScriptCaches (0ms)
		SetupLoadedEditorAssemblies (484ms)
			LogAssemblyErrors (0ms)
			InitializePlatformSupportModulesInManaged (2ms)
			SetLoadedEditorAssemblies (3ms)
			BeforeProcessingInitializeOnLoad (102ms)
			ProcessInitializeOnLoadAttributes (315ms)
			ProcessInitializeOnLoadMethodAttributes (56ms)
			AfterProcessingInitializeOnLoad (6ms)
			EditorAssembliesLoaded (0ms)
		ExecutionOrderSort2 (0ms)
		AwakeInstancesAfterBackupRestoration (11ms)
Refreshing native plugins compatible for Editor in 2.28 ms, found 4 plugins.
Preloading 0 native plugins for Editor in 0.00 ms.
Unloading 40 Unused Serialized files (Serialized files now loaded: 0)
Unloading 6603 unused Assets / (7.2 MB). Loaded Objects now: 7286.
Memory consumption went from 161.3 MB to 154.1 MB.
Total: 13.654400 ms (FindLiveObjects: 0.823400 ms CreateObjectMapping: 1.188900 ms MarkObjects: 6.775800 ms  DeleteObjects: 4.865100 ms)

Prepare: number of updated asset objects reloaded= 0
========================================================================
Received Prepare
Begin MonoManager ReloadAssembly
- Loaded All Assemblies, in  0.661 seconds
Refreshing native plugins compatible for Editor in 1.60 ms, found 4 plugins.
Native extension for WindowsStandalone target not found
Mono: successfully reloaded assembly
- Finished resetting the current domain, in  0.752 seconds
Domain Reload Profiling: 1413ms
	BeginReloadAssembly (182ms)
		ExecutionOrderSort (0ms)
		DisableScriptedObjects (13ms)
		BackupInstance (0ms)
		ReleaseScriptingObjects (0ms)
		CreateAndSetChildDomain (39ms)
	RebuildCommonClasses (33ms)
	RebuildNativeTypeToScriptingClass (13ms)
	initialDomainReloadingComplete (28ms)
	LoadAllAssembliesAndSetupDomain (405ms)
		LoadAssemblies (307ms)
		RebuildTransferFunctionScriptingTraits (0ms)
		AnalyzeDomain (188ms)
			TypeCache.Refresh (7ms)
				TypeCache.ScanAssembly (0ms)
			BuildScriptInfoCaches (167ms)
			ResolveRequiredComponents (11ms)
	FinalizeReload (752ms)
		ReleaseScriptCaches (0ms)
		RebuildScriptCaches (0ms)
		SetupLoadedEditorAssemblies (551ms)
			LogAssemblyErrors (0ms)
			InitializePlatformSupportModulesInManaged (2ms)
			SetLoadedEditorAssemblies (4ms)
			BeforeProcessingInitializeOnLoad (117ms)
			ProcessInitializeOnLoadAttributes (352ms)
			ProcessInitializeOnLoadMethodAttributes (67ms)
			AfterProcessingInitializeOnLoad (8ms)
			EditorAssembliesLoaded (0ms)
		ExecutionOrderSort2 (0ms)
		AwakeInstancesAfterBackupRestoration (12ms)
Refreshing native plugins compatible for Editor in 2.49 ms, found 4 plugins.
Preloading 0 native plugins for Editor in 0.00 ms.
Unloading 40 Unused Serialized files (Serialized files now loaded: 0)
Unloading 6603 unused Assets / (7.4 MB). Loaded Objects now: 7288.
Memory consumption went from 161.3 MB to 153.9 MB.
Total: 14.834700 ms (FindLiveObjects: 0.897200 ms CreateObjectMapping: 1.420800 ms MarkObjects: 7.326200 ms  DeleteObjects: 5.189700 ms)

Prepare: number of updated asset objects reloaded= 0
========================================================================
Received Prepare
Begin MonoManager ReloadAssembly
- Loaded All Assemblies, in  0.647 seconds
Refreshing native plugins compatible for Editor in 1.53 ms, found 4 plugins.
Native extension for WindowsStandalone target not found
Mono: successfully reloaded assembly
- Finished resetting the current domain, in  0.742 seconds
Domain Reload Profiling: 1389ms
	BeginReloadAssembly (183ms)
		ExecutionOrderSort (0ms)
		DisableScriptedObjects (14ms)
		BackupInstance (0ms)
		ReleaseScriptingObjects (0ms)
		CreateAndSetChildDomain (40ms)
	RebuildCommonClasses (33ms)
	RebuildNativeTypeToScriptingClass (13ms)
	initialDomainReloadingComplete (27ms)
	LoadAllAssembliesAndSetupDomain (391ms)
		LoadAssemblies (294ms)
		RebuildTransferFunctionScriptingTraits (0ms)
		AnalyzeDomain (186ms)
			TypeCache.Refresh (6ms)
				TypeCache.ScanAssembly (0ms)
			BuildScriptInfoCaches (166ms)
			ResolveRequiredComponents (11ms)
	FinalizeReload (742ms)
		ReleaseScriptCaches (0ms)
		RebuildScriptCaches (0ms)
		SetupLoadedEditorAssemblies (550ms)
			LogAssemblyErrors (0ms)
			InitializePlatformSupportModulesInManaged (2ms)
			SetLoadedEditorAssemblies (4ms)
			BeforeProcessingInitializeOnLoad (118ms)
			ProcessInitializeOnLoadAttributes (349ms)
			ProcessInitializeOnLoadMethodAttributes (70ms)
			AfterProcessingInitializeOnLoad (6ms)
			EditorAssembliesLoaded (0ms)
		ExecutionOrderSort2 (0ms)
		AwakeInstancesAfterBackupRestoration (11ms)
Refreshing native plugins compatible for Editor in 2.50 ms, found 4 plugins.
Preloading 0 native plugins for Editor in 0.00 ms.
Unloading 40 Unused Serialized files (Serialized files now loaded: 0)
Unloading 6603 unused Assets / (7.7 MB). Loaded Objects now: 7290.
Memory consumption went from 161.3 MB to 153.6 MB.
Total: 15.421200 ms (FindLiveObjects: 0.983800 ms CreateObjectMapping: 1.434800 ms MarkObjects: 7.311700 ms  DeleteObjects: 5.689900 ms)

Prepare: number of updated asset objects reloaded= 0
========================================================================
Received Prepare
Begin MonoManager ReloadAssembly
- Loaded All Assemblies, in  0.676 seconds
Refreshing native plugins compatible for Editor in 1.47 ms, found 4 plugins.
Native extension for WindowsStandalone target not found
Mono: successfully reloaded assembly
- Finished resetting the current domain, in  0.690 seconds
Domain Reload Profiling: 1365ms
	BeginReloadAssembly (183ms)
		ExecutionOrderSort (0ms)
		DisableScriptedObjects (13ms)
		BackupInstance (0ms)
		ReleaseScriptingObjects (0ms)
		CreateAndSetChildDomain (40ms)
	RebuildCommonClasses (32ms)
	RebuildNativeTypeToScriptingClass (13ms)
	initialDomainReloadingComplete (31ms)
	LoadAllAssembliesAndSetupDomain (416ms)
		LoadAssemblies (305ms)
		RebuildTransferFunctionScriptingTraits (0ms)
		AnalyzeDomain (202ms)
			TypeCache.Refresh (12ms)
				TypeCache.ScanAssembly (1ms)
			BuildScriptInfoCaches (176ms)
			ResolveRequiredComponents (11ms)
	FinalizeReload (690ms)
		ReleaseScriptCaches (0ms)
		RebuildScriptCaches (0ms)
		SetupLoadedEditorAssemblies (494ms)
			LogAssemblyErrors (0ms)
			InitializePlatformSupportModulesInManaged (2ms)
			SetLoadedEditorAssemblies (3ms)
			BeforeProcessingInitializeOnLoad (105ms)
			ProcessInitializeOnLoadAttributes (315ms)
			ProcessInitializeOnLoadMethodAttributes (63ms)
			AfterProcessingInitializeOnLoad (6ms)
			EditorAssembliesLoaded (0ms)
		ExecutionOrderSort2 (0ms)
		AwakeInstancesAfterBackupRestoration (15ms)
Refreshing native plugins compatible for Editor in 2.24 ms, found 4 plugins.
Preloading 0 native plugins for Editor in 0.00 ms.
Unloading 40 Unused Serialized files (Serialized files now loaded: 0)
Unloading 6603 unused Assets / (7.2 MB). Loaded Objects now: 7292.
Memory consumption went from 161.3 MB to 154.1 MB.
Total: 13.389900 ms (FindLiveObjects: 0.879300 ms CreateObjectMapping: 1.271600 ms MarkObjects: 6.443300 ms  DeleteObjects: 4.794400 ms)

Prepare: number of updated asset objects reloaded= 0
========================================================================
Received Prepare
Begin MonoManager ReloadAssembly
- Loaded All Assemblies, in  0.651 seconds
Refreshing native plugins compatible for Editor in 1.43 ms, found 4 plugins.
Native extension for WindowsStandalone target not found
Mono: successfully reloaded assembly
- Finished resetting the current domain, in  0.727 seconds
Domain Reload Profiling: 1379ms
	BeginReloadAssembly (177ms)
		ExecutionOrderSort (0ms)
		DisableScriptedObjects (14ms)
		BackupInstance (0ms)
		ReleaseScriptingObjects (0ms)
		CreateAndSetChildDomain (38ms)
	RebuildCommonClasses (32ms)
	RebuildNativeTypeToScriptingClass (13ms)
	initialDomainReloadingComplete (26ms)
	LoadAllAssembliesAndSetupDomain (403ms)
		LoadAssemblies (292ms)
		RebuildTransferFunctionScriptingTraits (0ms)
		AnalyzeDomain (197ms)
			TypeCache.Refresh (7ms)
				TypeCache.ScanAssembly (0ms)
			BuildScriptInfoCaches (174ms)
			ResolveRequiredComponents (14ms)
	FinalizeReload (728ms)
		ReleaseScriptCaches (0ms)
		RebuildScriptCaches (0ms)
		SetupLoadedEditorAssemblies (532ms)
			LogAssemblyErrors (0ms)
			InitializePlatformSupportModulesInManaged (2ms)
			SetLoadedEditorAssemblies (4ms)
			BeforeProcessingInitializeOnLoad (117ms)
			ProcessInitializeOnLoadAttributes (335ms)
			ProcessInitializeOnLoadMethodAttributes (67ms)
			AfterProcessingInitializeOnLoad (6ms)
			EditorAssembliesLoaded (0ms)
		ExecutionOrderSort2 (0ms)
		AwakeInstancesAfterBackupRestoration (12ms)
Refreshing native plugins compatible for Editor in 2.46 ms, found 4 plugins.
Preloading 0 native plugins for Editor in 0.00 ms.
Unloading 40 Unused Serialized files (Serialized files now loaded: 0)
Unloading 6603 unused Assets / (7.6 MB). Loaded Objects now: 7294.
Memory consumption went from 161.2 MB to 153.6 MB.
Total: 14.445000 ms (FindLiveObjects: 0.838600 ms CreateObjectMapping: 1.295100 ms MarkObjects: 6.959000 ms  DeleteObjects: 5.351100 ms)

Prepare: number of updated asset objects reloaded= 0
========================================================================
Received Prepare
Begin MonoManager ReloadAssembly
- Loaded All Assemblies, in  0.652 seconds
Refreshing native plugins compatible for Editor in 1.55 ms, found 4 plugins.
Native extension for WindowsStandalone target not found
Mono: successfully reloaded assembly
- Finished resetting the current domain, in  0.799 seconds
Domain Reload Profiling: 1451ms
	BeginReloadAssembly (178ms)
		ExecutionOrderSort (0ms)
		DisableScriptedObjects (14ms)
		BackupInstance (0ms)
		ReleaseScriptingObjects (0ms)
		CreateAndSetChildDomain (40ms)
	RebuildCommonClasses (33ms)
	RebuildNativeTypeToScriptingClass (13ms)
	initialDomainReloadingComplete (26ms)
	LoadAllAssembliesAndSetupDomain (402ms)
		LoadAssemblies (301ms)
		RebuildTransferFunctionScriptingTraits (0ms)
		AnalyzeDomain (186ms)
			TypeCache.Refresh (10ms)
				TypeCache.ScanAssembly (1ms)
			BuildScriptInfoCaches (160ms)
			ResolveRequiredComponents (14ms)
	FinalizeReload (799ms)
		ReleaseScriptCaches (0ms)
		RebuildScriptCaches (0ms)
		SetupLoadedEditorAssemblies (597ms)
			LogAssemblyErrors (0ms)
			InitializePlatformSupportModulesInManaged (2ms)
			SetLoadedEditorAssemblies (4ms)
			BeforeProcessingInitializeOnLoad (126ms)
			ProcessInitializeOnLoadAttributes (387ms)
			ProcessInitializeOnLoadMethodAttributes (69ms)
			AfterProcessingInitializeOnLoad (8ms)
			EditorAssembliesLoaded (0ms)
		ExecutionOrderSort2 (0ms)
		AwakeInstancesAfterBackupRestoration (16ms)
Refreshing native plugins compatible for Editor in 2.33 ms, found 4 plugins.
Preloading 0 native plugins for Editor in 0.00 ms.
Unloading 40 Unused Serialized files (Serialized files now loaded: 0)
Unloading 6603 unused Assets / (7.2 MB). Loaded Objects now: 7296.
Memory consumption went from 161.3 MB to 154.1 MB.
Total: 13.387700 ms (FindLiveObjects: 0.862400 ms CreateObjectMapping: 1.353300 ms MarkObjects: 6.482700 ms  DeleteObjects: 4.688100 ms)

Prepare: number of updated asset objects reloaded= 0
========================================================================
Received Import Request.
  Time since last request: 610.687914 seconds.
  path: Assets/Gutty Kreum/JRPG Character Pack/Animations/MaleBusinessManOld/WalkingWest/Oldbusinessmanwalkingwest2.png
  artifactKey: Guid(bbcaaaf1cf8f8004cbf263af828b2e62) Importer(815301076,1909f56bfc062723c751e8b465ee728b)
Start importing Assets/Gutty Kreum/JRPG Character Pack/Animations/MaleBusinessManOld/WalkingWest/Oldbusinessmanwalkingwest2.png using Guid(bbcaaaf1cf8f8004cbf263af828b2e62) Importer(815301076,1909f56bfc062723c751e8b465ee728b) (PreviewImporter) -> (artifact id: 'acf7de253a53fa11fd7f61eacedb4610') in 0.1192956 seconds
Number of updated asset objects reloaded before import = 0Number of asset objects unloaded after import = 3

========================================================================
Received Import Request.
  Time since last request: 0.000014 seconds.
  path: Assets/Gutty Kreum/JRPG Character Pack/Animations/MaleBusinessManOld/WalkingWest/Oldbusinessmanwalkingwest4.png
  artifactKey: Guid(96149ac59a79de14b9e14f2a08995bdd) Importer(815301076,1909f56bfc062723c751e8b465ee728b)
Start importing Assets/Gutty Kreum/JRPG Character Pack/Animations/MaleBusinessManOld/WalkingWest/Oldbusinessmanwalkingwest4.png using Guid(96149ac59a79de14b9e14f2a08995bdd) Importer(815301076,1909f56bfc062723c751e8b465ee728b) (PreviewImporter) -> (artifact id: '57fe7c5e2f1ea3093d5c7a1ef8f1e406') in 0.0104652 seconds
Number of updated asset objects reloaded before import = 0Number of asset objects unloaded after import = 3

========================================================================
Received Import Request.
  Time since last request: 0.000013 seconds.
  path: Assets/Gutty Kreum/JRPG Character Pack/Animations/MaleBusinessManOld/WalkingWest/Oldbusinessmanwalkingwest8.png
  artifactKey: Guid(c3467328ffccfe548ac57df1a14ae902) Importer(815301076,1909f56bfc062723c751e8b465ee728b)
Start importing Assets/Gutty Kreum/JRPG Character Pack/Animations/MaleBusinessManOld/WalkingWest/Oldbusinessmanwalkingwest8.png using Guid(c3467328ffccfe548ac57df1a14ae902) Importer(815301076,1909f56bfc062723c751e8b465ee728b) (PreviewImporter) -> (artifact id: 'a9bb30720e842406e488c1dd632e725c') in 0.0117333 seconds
Number of updated asset objects reloaded before import = 0Number of asset objects unloaded after import = 3

========================================================================
Received Import Request.
  Time since last request: 0.000013 seconds.
  path: Assets/Gutty Kreum/JRPG Character Pack/Animations/MaleBusinessManOld/WalkingWest/Oldbusinessmanwalkingwest5.png
  artifactKey: Guid(6f3b63126c7067245bbeb63c7dc8a062) Importer(815301076,1909f56bfc062723c751e8b465ee728b)
Start importing Assets/Gutty Kreum/JRPG Character Pack/Animations/MaleBusinessManOld/WalkingWest/Oldbusinessmanwalkingwest5.png using Guid(6f3b63126c7067245bbeb63c7dc8a062) Importer(815301076,1909f56bfc062723c751e8b465ee728b) (PreviewImporter) -> (artifact id: '16b1c3394e97ef8cad670988e173ad36') in 0.0118636 seconds
Number of updated asset objects reloaded before import = 0Number of asset objects unloaded after import = 3

========================================================================
Received Import Request.
  Time since last request: 23.237670 seconds.
  path: Assets/Gutty Kreum/JRPG Character Pack/Animations/MaleBusinessManOld/Idle/Oldbusinessman3.png
  artifactKey: Guid(78f30692022622a4789c1989ccbb7164) Importer(815301076,1909f56bfc062723c751e8b465ee728b)
Start importing Assets/Gutty Kreum/JRPG Character Pack/Animations/MaleBusinessManOld/Idle/Oldbusinessman3.png using Guid(78f30692022622a4789c1989ccbb7164) Importer(815301076,1909f56bfc062723c751e8b465ee728b) (PreviewImporter) -> (artifact id: 'a68d66e26f89ec0b0827d6006e1bfffa') in 0.0118216 seconds
Number of updated asset objects reloaded before import = 0Number of asset objects unloaded after import = 3

========================================================================
Received Prepare
Begin MonoManager ReloadAssembly
- Loaded All Assemblies, in  0.695 seconds
Refreshing native plugins compatible for Editor in 2.00 ms, found 4 plugins.
Native extension for WindowsStandalone target not found
Mono: successfully reloaded assembly
- Finished resetting the current domain, in  0.756 seconds
Domain Reload Profiling: 1451ms
	BeginReloadAssembly (214ms)
		ExecutionOrderSort (0ms)
		DisableScriptedObjects (18ms)
		BackupInstance (0ms)
		ReleaseScriptingObjects (0ms)
		CreateAndSetChildDomain (47ms)
	RebuildCommonClasses (34ms)
	RebuildNativeTypeToScriptingClass (13ms)
	initialDomainReloadingComplete (27ms)
	LoadAllAssembliesAndSetupDomain (408ms)
		LoadAssemblies (313ms)
		RebuildTransferFunctionScriptingTraits (0ms)
		AnalyzeDomain (195ms)
			TypeCache.Refresh (6ms)
				TypeCache.ScanAssembly (0ms)
			BuildScriptInfoCaches (175ms)
			ResolveRequiredComponents (11ms)
	FinalizeReload (756ms)
		ReleaseScriptCaches (0ms)
		RebuildScriptCaches (0ms)
		SetupLoadedEditorAssemblies (558ms)
			LogAssemblyErrors (0ms)
			InitializePlatformSupportModulesInManaged (2ms)
			SetLoadedEditorAssemblies (3ms)
			BeforeProcessingInitializeOnLoad (109ms)
			ProcessInitializeOnLoadAttributes (367ms)
			ProcessInitializeOnLoadMethodAttributes (69ms)
			AfterProcessingInitializeOnLoad (6ms)
			EditorAssembliesLoaded (0ms)
		ExecutionOrderSort2 (0ms)
		AwakeInstancesAfterBackupRestoration (12ms)
Refreshing native plugins compatible for Editor in 2.70 ms, found 4 plugins.
Preloading 0 native plugins for Editor in 0.00 ms.
Unloading 40 Unused Serialized files (Serialized files now loaded: 0)
Unloading 6603 unused Assets / (7.3 MB). Loaded Objects now: 7300.
Memory consumption went from 161.4 MB to 154.0 MB.
Total: 14.588500 ms (FindLiveObjects: 0.959200 ms CreateObjectMapping: 1.381200 ms MarkObjects: 7.065000 ms  DeleteObjects: 5.182100 ms)

Prepare: number of updated asset objects reloaded= 0
Editor requested this worker to shutdown with reason: Scaling down because of idle timeout
AssetImportWorker is now disconnected from the server
Process exiting
Exiting without the bug reporter. Application will terminate with return code 0