Using pre-set license
Built from '6000.0/release' branch; Version is '6000.0.44f1 (101c91f3a8fb) revision 1055889'; Using compiler version '193933523'; Build Type 'Release'
OS: 'Windows 10  (10.0.19045) 64bit Professional' Language: 'en' Physical Memory: 32686 MB
BatchMode: 1, IsHumanControllingUs: 0, StartBugReporterOnCrash: 0, Is64bit: 1, IsPro: 1

COMMAND LINE ARGUMENTS:
C:\Program Files\Unity\Hub\Editor\6000.0.44f1\Editor\Unity.exe
-adb2
-batchMode
-noUpm
-name
AssetImportWorker9
-projectPath
D:/CyVerse Capstone
-logFile
Logs/AssetImportWorker9.log
-srvPort
62152
-job-worker-count
7
-background-job-worker-count
8
-gc-helper-count
1
Successfully changed project path to: D:/CyVerse Capstone
D:/CyVerse Capstone
[UnityMemory] Configuration Parameters - Can be set up in boot.config
    "memorysetup-bucket-allocator-granularity=16"
    "memorysetup-bucket-allocator-bucket-count=8"
    "memorysetup-bucket-allocator-block-size=33554432"
    "memorysetup-bucket-allocator-block-count=8"
    "memorysetup-main-allocator-block-size=16777216"
    "memorysetup-thread-allocator-block-size=16777216"
    "memorysetup-gfx-main-allocator-block-size=16777216"
    "memorysetup-gfx-thread-allocator-block-size=16777216"
    "memorysetup-cache-allocator-block-size=4194304"
    "memorysetup-typetree-allocator-block-size=2097152"
    "memorysetup-profiler-bucket-allocator-granularity=16"
    "memorysetup-profiler-bucket-allocator-bucket-count=8"
    "memorysetup-profiler-bucket-allocator-block-size=33554432"
    "memorysetup-profiler-bucket-allocator-block-count=8"
    "memorysetup-profiler-allocator-block-size=16777216"
    "memorysetup-profiler-editor-allocator-block-size=1048576"
    "memorysetup-temp-allocator-size-main=16777216"
    "memorysetup-job-temp-allocator-block-size=2097152"
    "memorysetup-job-temp-allocator-block-size-background=1048576"
    "memorysetup-job-temp-allocator-reduction-small-platforms=262144"
    "memorysetup-allocator-temp-initial-block-size-main=262144"
    "memorysetup-allocator-temp-initial-block-size-worker=262144"
    "memorysetup-temp-allocator-size-background-worker=32768"
    "memorysetup-temp-allocator-size-job-worker=262144"
    "memorysetup-temp-allocator-size-preload-manager=33554432"
    "memorysetup-temp-allocator-size-nav-mesh-worker=65536"
    "memorysetup-temp-allocator-size-audio-worker=65536"
    "memorysetup-temp-allocator-size-cloud-worker=32768"
    "memorysetup-temp-allocator-size-gi-baking-worker=262144"
    "memorysetup-temp-allocator-size-gi-baking-worker=262144"
    "memorysetup-temp-allocator-size-gi-baking-worker=262144"
    "memorysetup-temp-allocator-size-gi-baking-worker=262144"
    "memorysetup-temp-allocator-size-gi-baking-worker=262144"
    "memorysetup-temp-allocator-size-gfx=262144"
Player connection [21048]  Target information:

Player connection [21048]  * "[IP] 192.168.0.58 [Port] 0 [Flags] 2 [Guid] 3628952973 [EditorId] 3628952973 [Version] 1048832 [Id] WindowsEditor(7,DESKTOP-9U2DB69) [Debug] 1 [PackageName] WindowsEditor [ProjectName] Editor" 

Player connection [21048]  * "[IP] 192.168.56.1 [Port] 0 [Flags] 2 [Guid] 3628952973 [EditorId] 3628952973 [Version] 1048832 [Id] WindowsEditor(7,DESKTOP-9U2DB69) [Debug] 1 [PackageName] WindowsEditor [ProjectName] Editor" 

Player connection [21048] Host joined multi-casting on [225.0.0.222:54997]...
Player connection [21048] Host joined alternative multi-casting on [225.0.0.222:34997]...
JobSystem: Creating JobQueue using job-worker-count value 7
Input System module state changed to: Initialized.
[Physics::Module] Initialized fallback backend.
[Physics::Module] Id: 0xdecafbad
Library Redirect Path: Library/
[Physics::Module] Selected backend.
[Physics::Module] Name: PhysX
[Physics::Module] Id: 0xf2b8ea05
[Physics::Module] SDK Version: 4.1.2
[Physics::Module] Integration Version: 1.0.0
[Physics::Module] Threading Mode: Multi-Threaded
Refreshing native plugins compatible for Editor in 2.41 ms, found 4 plugins.
Preloading 0 native plugins for Editor in 0.00 ms.
Initialize engine version: 6000.0.44f1 (101c91f3a8fb)
[Subsystems] Discovering subsystems at path C:/Program Files/Unity/Hub/Editor/6000.0.44f1/Editor/Data/Resources/UnitySubsystems
[Subsystems] Discovering subsystems at path D:/CyVerse Capstone/Assets
GfxDevice: creating device client; kGfxThreadingModeNonThreaded
Direct3D:
    Version:  Direct3D 11.0 [level 11.1]
    Renderer: NVIDIA GeForce GTX 1650 SUPER (ID=0x2187)
    Vendor:   NVIDIA
    VRAM:     3930 MB
    Driver:   32.0.15.7216
Initialize mono
Mono path[0] = 'C:/Program Files/Unity/Hub/Editor/6000.0.44f1/Editor/Data/Managed'
Mono path[1] = 'C:/Program Files/Unity/Hub/Editor/6000.0.44f1/Editor/Data/MonoBleedingEdge/lib/mono/unityjit-win32'
Mono config path = 'C:/Program Files/Unity/Hub/Editor/6000.0.44f1/Editor/Data/MonoBleedingEdge/etc'
Using monoOptions --debugger-agent=transport=dt_socket,embedding=1,server=y,suspend=n,address=127.0.0.1:56068
Begin MonoManager ReloadAssembly
Registering precompiled unity dll's ...
Register platform support module: C:/Program Files/Unity/Hub/Editor/6000.0.44f1/Editor/Data/PlaybackEngines/WindowsStandaloneSupport/UnityEditor.WindowsStandalone.Extensions.dll
Registered in 0.002745 seconds.
- Loaded All Assemblies, in  0.376 seconds
Native extension for WindowsStandalone target not found
Mono: successfully reloaded assembly
- Finished resetting the current domain, in  0.290 seconds
Domain Reload Profiling: 664ms
	BeginReloadAssembly (130ms)
		ExecutionOrderSort (0ms)
		DisableScriptedObjects (0ms)
		BackupInstance (0ms)
		ReleaseScriptingObjects (0ms)
		CreateAndSetChildDomain (1ms)
	RebuildCommonClasses (40ms)
	RebuildNativeTypeToScriptingClass (14ms)
	initialDomainReloadingComplete (47ms)
	LoadAllAssembliesAndSetupDomain (142ms)
		LoadAssemblies (127ms)
		RebuildTransferFunctionScriptingTraits (0ms)
		AnalyzeDomain (140ms)
			TypeCache.Refresh (138ms)
				TypeCache.ScanAssembly (126ms)
			BuildScriptInfoCaches (0ms)
			ResolveRequiredComponents (0ms)
	FinalizeReload (291ms)
		ReleaseScriptCaches (0ms)
		RebuildScriptCaches (0ms)
		SetupLoadedEditorAssemblies (247ms)
			LogAssemblyErrors (0ms)
			InitializePlatformSupportModulesInManaged (22ms)
			SetLoadedEditorAssemblies (4ms)
			BeforeProcessingInitializeOnLoad (47ms)
			ProcessInitializeOnLoadAttributes (126ms)
			ProcessInitializeOnLoadMethodAttributes (48ms)
			AfterProcessingInitializeOnLoad (0ms)
			EditorAssembliesLoaded (0ms)
		ExecutionOrderSort2 (0ms)
		AwakeInstancesAfterBackupRestoration (0ms)
========================================================================
Worker process is ready to serve import requests
Import Worker Mode flag is 0x00
Begin MonoManager ReloadAssembly
- Loaded All Assemblies, in  0.771 seconds
Refreshing native plugins compatible for Editor in 2.10 ms, found 4 plugins.
Native extension for WindowsStandalone target not found
Mono: successfully reloaded assembly
- Finished resetting the current domain, in  0.833 seconds
Domain Reload Profiling: 1601ms
	BeginReloadAssembly (153ms)
		ExecutionOrderSort (0ms)
		DisableScriptedObjects (8ms)
		BackupInstance (0ms)
		ReleaseScriptingObjects (0ms)
		CreateAndSetChildDomain (23ms)
	RebuildCommonClasses (34ms)
	RebuildNativeTypeToScriptingClass (12ms)
	initialDomainReloadingComplete (42ms)
	LoadAllAssembliesAndSetupDomain (526ms)
		LoadAssemblies (315ms)
		RebuildTransferFunctionScriptingTraits (0ms)
		AnalyzeDomain (299ms)
			TypeCache.Refresh (214ms)
				TypeCache.ScanAssembly (195ms)
			BuildScriptInfoCaches (64ms)
			ResolveRequiredComponents (17ms)
	FinalizeReload (834ms)
		ReleaseScriptCaches (0ms)
		RebuildScriptCaches (0ms)
		SetupLoadedEditorAssemblies (661ms)
			LogAssemblyErrors (0ms)
			InitializePlatformSupportModulesInManaged (2ms)
			SetLoadedEditorAssemblies (4ms)
			BeforeProcessingInitializeOnLoad (133ms)
			ProcessInitializeOnLoadAttributes (403ms)
			ProcessInitializeOnLoadMethodAttributes (110ms)
			AfterProcessingInitializeOnLoad (8ms)
			EditorAssembliesLoaded (0ms)
		ExecutionOrderSort2 (0ms)
		AwakeInstancesAfterBackupRestoration (5ms)
Launched and connected shader compiler UnityShaderCompiler.exe after 0.01 seconds
Refreshing native plugins compatible for Editor in 2.27 ms, found 4 plugins.
Preloading 0 native plugins for Editor in 0.00 ms.
Unloading 220 Unused Serialized files (Serialized files now loaded: 0)
Unloading 6604 unused Assets / (7.4 MB). Loaded Objects now: 7264.
Memory consumption went from 183.0 MB to 175.6 MB.
Total: 13.727900 ms (FindLiveObjects: 0.867500 ms CreateObjectMapping: 1.314300 ms MarkObjects: 6.698000 ms  DeleteObjects: 4.846800 ms)

========================================================================
Received Import Request.
  Time since last request: 22846.071149 seconds.
  path: Assets/Gutty Kreum/JRPG Character Pack/Tiles/Tilemap_241.asset
  artifactKey: Guid(bbb601651bd0c684fbb2ad3b07bf6968) Importer(815301076,1909f56bfc062723c751e8b465ee728b)
Start importing Assets/Gutty Kreum/JRPG Character Pack/Tiles/Tilemap_241.asset using Guid(bbb601651bd0c684fbb2ad3b07bf6968) Importer(815301076,1909f56bfc062723c751e8b465ee728b) (PreviewImporter) -> (artifact id: '2b7ebb1f53f05e4f78618d4fd9764da2') in 0.0918776 seconds
Number of updated asset objects reloaded before import = 0Number of asset objects unloaded after import = 3

========================================================================
Received Import Request.
  Time since last request: 0.000016 seconds.
  path: Assets/Gutty Kreum/JRPG Character Pack/Tiles/Tilemap_256.asset
  artifactKey: Guid(6367ac842dc6d014cb57fc685acbebbe) Importer(815301076,1909f56bfc062723c751e8b465ee728b)
Start importing Assets/Gutty Kreum/JRPG Character Pack/Tiles/Tilemap_256.asset using Guid(6367ac842dc6d014cb57fc685acbebbe) Importer(815301076,1909f56bfc062723c751e8b465ee728b) (PreviewImporter) -> (artifact id: '34d02cd0a024fe2bb5f7fb6eced387ef') in 0.0125475 seconds
Number of updated asset objects reloaded before import = 0Number of asset objects unloaded after import = 3

========================================================================
Received Import Request.
  Time since last request: 0.000018 seconds.
  path: Assets/Gutty Kreum/JRPG Character Pack/Tiles/Tilemap_253.asset
  artifactKey: Guid(cd873456d1ace0e4eb95ac8b19c5eeb1) Importer(815301076,1909f56bfc062723c751e8b465ee728b)
Start importing Assets/Gutty Kreum/JRPG Character Pack/Tiles/Tilemap_253.asset using Guid(cd873456d1ace0e4eb95ac8b19c5eeb1) Importer(815301076,1909f56bfc062723c751e8b465ee728b) (PreviewImporter) -> (artifact id: '1d33889d1680e9d6503b9b401fa2d5cc') in 0.0113307 seconds
Number of updated asset objects reloaded before import = 0Number of asset objects unloaded after import = 3

========================================================================
Received Import Request.
  Time since last request: 0.000013 seconds.
  path: Assets/Gutty Kreum/JRPG Character Pack/Tiles/Tilemap_267.asset
  artifactKey: Guid(51a0d9bb9bbb9eb4eabf87e6940fcd26) Importer(815301076,1909f56bfc062723c751e8b465ee728b)
Start importing Assets/Gutty Kreum/JRPG Character Pack/Tiles/Tilemap_267.asset using Guid(51a0d9bb9bbb9eb4eabf87e6940fcd26) Importer(815301076,1909f56bfc062723c751e8b465ee728b) (PreviewImporter) -> (artifact id: '84e1b7ca172e416fff1dd89a3acdeafa') in 0.0111141 seconds
Number of updated asset objects reloaded before import = 0Number of asset objects unloaded after import = 3

========================================================================
Received Import Request.
  Time since last request: 0.000010 seconds.
  path: Assets/Gutty Kreum/JRPG Character Pack/Tiles/Tilemap_275.asset
  artifactKey: Guid(057a7ca38f1d46248a750f1f2b274717) Importer(815301076,1909f56bfc062723c751e8b465ee728b)
Start importing Assets/Gutty Kreum/JRPG Character Pack/Tiles/Tilemap_275.asset using Guid(057a7ca38f1d46248a750f1f2b274717) Importer(815301076,1909f56bfc062723c751e8b465ee728b) (PreviewImporter) -> (artifact id: '309c77651eecfa8d6cfe13c7bf358a2d') in 0.0115914 seconds
Number of updated asset objects reloaded before import = 0Number of asset objects unloaded after import = 3

========================================================================
Received Import Request.
  Time since last request: 0.000013 seconds.
  path: Assets/Gutty Kreum/JRPG Character Pack/Tiles/Tilemap_282.asset
  artifactKey: Guid(63cbfe46c7a48964c9ee5709581c7a97) Importer(815301076,1909f56bfc062723c751e8b465ee728b)
Start importing Assets/Gutty Kreum/JRPG Character Pack/Tiles/Tilemap_282.asset using Guid(63cbfe46c7a48964c9ee5709581c7a97) Importer(815301076,1909f56bfc062723c751e8b465ee728b) (PreviewImporter) -> (artifact id: '5a765b674b6176a8b46b57a9cf41da4c') in 0.0109746 seconds
Number of updated asset objects reloaded before import = 0Number of asset objects unloaded after import = 3

========================================================================
Received Import Request.
  Time since last request: 0.000012 seconds.
  path: Assets/Gutty Kreum/JRPG Character Pack/Tiles/Tilemap_287.asset
  artifactKey: Guid(157ee620bfa508d4391d40ac17d7b424) Importer(815301076,1909f56bfc062723c751e8b465ee728b)
Start importing Assets/Gutty Kreum/JRPG Character Pack/Tiles/Tilemap_287.asset using Guid(157ee620bfa508d4391d40ac17d7b424) Importer(815301076,1909f56bfc062723c751e8b465ee728b) (PreviewImporter) -> (artifact id: '2f4e242d8176baf343af600c33d9d5d8') in 0.014765 seconds
Number of updated asset objects reloaded before import = 0Number of asset objects unloaded after import = 3

========================================================================
Received Import Request.
  Time since last request: 0.000013 seconds.
  path: Assets/Gutty Kreum/JRPG Character Pack/Tiles/Tilemap_285.asset
  artifactKey: Guid(038648d51c35f2d4990561318907c26e) Importer(815301076,1909f56bfc062723c751e8b465ee728b)
Start importing Assets/Gutty Kreum/JRPG Character Pack/Tiles/Tilemap_285.asset using Guid(038648d51c35f2d4990561318907c26e) Importer(815301076,1909f56bfc062723c751e8b465ee728b) (PreviewImporter) -> (artifact id: 'd70680d7031c6db4f0414074ad483fd8') in 0.0123456 seconds
Number of updated asset objects reloaded before import = 0Number of asset objects unloaded after import = 3

========================================================================
Received Import Request.
  Time since last request: 0.000013 seconds.
  path: Assets/Gutty Kreum/JRPG Character Pack/Tiles/Tilemap_301.asset
  artifactKey: Guid(7477b2bbe63e0d54bb531aae8f653194) Importer(815301076,1909f56bfc062723c751e8b465ee728b)
Start importing Assets/Gutty Kreum/JRPG Character Pack/Tiles/Tilemap_301.asset using Guid(7477b2bbe63e0d54bb531aae8f653194) Importer(815301076,1909f56bfc062723c751e8b465ee728b) (PreviewImporter) -> (artifact id: '75f73577dd331ff1091d0021e3933e28') in 0.014148 seconds
Number of updated asset objects reloaded before import = 0Number of asset objects unloaded after import = 3

========================================================================
Received Import Request.
  Time since last request: 0.000017 seconds.
  path: Assets/Gutty Kreum/JRPG Character Pack/Tiles/Tilemap_295.asset
  artifactKey: Guid(72f2fa5706236d4489c62788a61ec624) Importer(815301076,1909f56bfc062723c751e8b465ee728b)
Start importing Assets/Gutty Kreum/JRPG Character Pack/Tiles/Tilemap_295.asset using Guid(72f2fa5706236d4489c62788a61ec624) Importer(815301076,1909f56bfc062723c751e8b465ee728b) (PreviewImporter) -> (artifact id: '3a0f71e5e5bc6901ba1bce5ffa5ad282') in 0.0114574 seconds
Number of updated asset objects reloaded before import = 0Number of asset objects unloaded after import = 3

========================================================================
Received Import Request.
  Time since last request: 0.000012 seconds.
  path: Assets/Gutty Kreum/JRPG Character Pack/Tiles/Tilemap_298.asset
  artifactKey: Guid(b3af5985a3b005e4a96b56742ddd87a8) Importer(815301076,1909f56bfc062723c751e8b465ee728b)
Start importing Assets/Gutty Kreum/JRPG Character Pack/Tiles/Tilemap_298.asset using Guid(b3af5985a3b005e4a96b56742ddd87a8) Importer(815301076,1909f56bfc062723c751e8b465ee728b) (PreviewImporter) -> (artifact id: '75b2f41a46cd0abaf0f8ac20c63e1d75') in 0.0104542 seconds
Number of updated asset objects reloaded before import = 0Number of asset objects unloaded after import = 3

========================================================================
Received Import Request.
  Time since last request: 0.000013 seconds.
  path: Assets/Gutty Kreum/JRPG Character Pack/Tiles/Tilemap_270.asset
  artifactKey: Guid(e2073fc2c8944c5489a4d00bc7687996) Importer(815301076,1909f56bfc062723c751e8b465ee728b)
Start importing Assets/Gutty Kreum/JRPG Character Pack/Tiles/Tilemap_270.asset using Guid(e2073fc2c8944c5489a4d00bc7687996) Importer(815301076,1909f56bfc062723c751e8b465ee728b) (PreviewImporter) -> (artifact id: 'd8b72fafbb42c53ef1d4fcaa7f6c2634') in 0.0101756 seconds
Number of updated asset objects reloaded before import = 0Number of asset objects unloaded after import = 3

========================================================================
Received Import Request.
  Time since last request: 0.000019 seconds.
  path: Assets/Gutty Kreum/JRPG Character Pack/Tiles/Tilemap_245.asset
  artifactKey: Guid(765dce939a36e114d92f8c900b360fba) Importer(815301076,1909f56bfc062723c751e8b465ee728b)
Start importing Assets/Gutty Kreum/JRPG Character Pack/Tiles/Tilemap_245.asset using Guid(765dce939a36e114d92f8c900b360fba) Importer(815301076,1909f56bfc062723c751e8b465ee728b) (PreviewImporter) -> (artifact id: '8098649a4814c5f3a885bd295cb59883') in 0.010237 seconds
Number of updated asset objects reloaded before import = 0Number of asset objects unloaded after import = 3

========================================================================
Received Import Request.
  Time since last request: 0.000012 seconds.
  path: Assets/Gutty Kreum/JRPG Character Pack/Tiles/Tilemap_264.asset
  artifactKey: Guid(28909d49718b2bc43825d9d97e695791) Importer(815301076,1909f56bfc062723c751e8b465ee728b)
Start importing Assets/Gutty Kreum/JRPG Character Pack/Tiles/Tilemap_264.asset using Guid(28909d49718b2bc43825d9d97e695791) Importer(815301076,1909f56bfc062723c751e8b465ee728b) (PreviewImporter) -> (artifact id: '61da3b339500d9c2ceadf38081997c99') in 0.0096199 seconds
Number of updated asset objects reloaded before import = 0Number of asset objects unloaded after import = 3

========================================================================
Received Import Request.
  Time since last request: 0.000016 seconds.
  path: Assets/Gutty Kreum/JRPG Character Pack/Tiles/Tilemap_310.asset
  artifactKey: Guid(1a60f2e566a214c47a2e8abaee5b7120) Importer(815301076,1909f56bfc062723c751e8b465ee728b)
Start importing Assets/Gutty Kreum/JRPG Character Pack/Tiles/Tilemap_310.asset using Guid(1a60f2e566a214c47a2e8abaee5b7120) Importer(815301076,1909f56bfc062723c751e8b465ee728b) (PreviewImporter) -> (artifact id: 'f54c03b3bddfbe045aede07a7fe7834c') in 0.0098042 seconds
Number of updated asset objects reloaded before import = 0Number of asset objects unloaded after import = 3

========================================================================
Received Import Request.
  Time since last request: 0.000016 seconds.
  path: Assets/Gutty Kreum/JRPG Character Pack/Tiles/Tilemap_312.asset
  artifactKey: Guid(d211f8cdedad6ba438499abc0772746d) Importer(815301076,1909f56bfc062723c751e8b465ee728b)
Start importing Assets/Gutty Kreum/JRPG Character Pack/Tiles/Tilemap_312.asset using Guid(d211f8cdedad6ba438499abc0772746d) Importer(815301076,1909f56bfc062723c751e8b465ee728b) (PreviewImporter) -> (artifact id: 'c4264cf21c6f40e5d6ef91abf25cb735') in 0.0103765 seconds
Number of updated asset objects reloaded before import = 0Number of asset objects unloaded after import = 3

========================================================================
Received Import Request.
  Time since last request: 0.000024 seconds.
  path: Assets/Gutty Kreum/JRPG Character Pack/Tiles/Tilemap_321.asset
  artifactKey: Guid(317c574638682354ba3beefef150d919) Importer(815301076,1909f56bfc062723c751e8b465ee728b)
Start importing Assets/Gutty Kreum/JRPG Character Pack/Tiles/Tilemap_321.asset using Guid(317c574638682354ba3beefef150d919) Importer(815301076,1909f56bfc062723c751e8b465ee728b) (PreviewImporter) -> (artifact id: 'd87af6cee9c2881eb0fcfd71aa556dce') in 0.0095407 seconds
Number of updated asset objects reloaded before import = 0Number of asset objects unloaded after import = 3

========================================================================
Received Import Request.
  Time since last request: 0.000029 seconds.
  path: Assets/Gutty Kreum/JRPG Character Pack/Tiles/Tilemap_320.asset
  artifactKey: Guid(a584a0350aef83647b1e4e1e8ae1e035) Importer(815301076,1909f56bfc062723c751e8b465ee728b)
Start importing Assets/Gutty Kreum/JRPG Character Pack/Tiles/Tilemap_320.asset using Guid(a584a0350aef83647b1e4e1e8ae1e035) Importer(815301076,1909f56bfc062723c751e8b465ee728b) (PreviewImporter) -> (artifact id: '0e916fddf58c9633dd46a81ab73e2634') in 0.0097904 seconds
Number of updated asset objects reloaded before import = 0Number of asset objects unloaded after import = 3

========================================================================
Received Import Request.
  Time since last request: 0.000013 seconds.
  path: Assets/Gutty Kreum/JRPG Character Pack/Tiles/Tilemap_332.asset
  artifactKey: Guid(58a9a2e85da01904fa4d83b602f56b83) Importer(815301076,1909f56bfc062723c751e8b465ee728b)
Start importing Assets/Gutty Kreum/JRPG Character Pack/Tiles/Tilemap_332.asset using Guid(58a9a2e85da01904fa4d83b602f56b83) Importer(815301076,1909f56bfc062723c751e8b465ee728b) (PreviewImporter) -> (artifact id: '1e777357c558353fbce47647eb61347b') in 0.0099601 seconds
Number of updated asset objects reloaded before import = 0Number of asset objects unloaded after import = 3

========================================================================
Received Import Request.
  Time since last request: 0.000013 seconds.
  path: Assets/Gutty Kreum/JRPG Character Pack/Tiles/Tilemap_329.asset
  artifactKey: Guid(8c5ede7ef5df68741ad3dde7f423bac9) Importer(815301076,1909f56bfc062723c751e8b465ee728b)
Start importing Assets/Gutty Kreum/JRPG Character Pack/Tiles/Tilemap_329.asset using Guid(8c5ede7ef5df68741ad3dde7f423bac9) Importer(815301076,1909f56bfc062723c751e8b465ee728b) (PreviewImporter) -> (artifact id: '0b575e3f57ee19e9d9bd8e0188546dee') in 0.0111485 seconds
Number of updated asset objects reloaded before import = 0Number of asset objects unloaded after import = 3

========================================================================
Received Import Request.
  Time since last request: 0.000013 seconds.
  path: Assets/Gutty Kreum/JRPG Character Pack/Tiles/Tilemap_339.asset
  artifactKey: Guid(6b95db1118bdbd94d94aca240ba8d6c8) Importer(815301076,1909f56bfc062723c751e8b465ee728b)
Start importing Assets/Gutty Kreum/JRPG Character Pack/Tiles/Tilemap_339.asset using Guid(6b95db1118bdbd94d94aca240ba8d6c8) Importer(815301076,1909f56bfc062723c751e8b465ee728b) (PreviewImporter) -> (artifact id: '7ae431859459c92a0bef2e9b6331a7b0') in 0.0098247 seconds
Number of updated asset objects reloaded before import = 0Number of asset objects unloaded after import = 3

========================================================================
Received Import Request.
  Time since last request: 0.000011 seconds.
  path: Assets/Gutty Kreum/JRPG Character Pack/Tiles/Tilemap_322.asset
  artifactKey: Guid(4edbeb062cded664990008e06e907068) Importer(815301076,1909f56bfc062723c751e8b465ee728b)
Start importing Assets/Gutty Kreum/JRPG Character Pack/Tiles/Tilemap_322.asset using Guid(4edbeb062cded664990008e06e907068) Importer(815301076,1909f56bfc062723c751e8b465ee728b) (PreviewImporter) -> (artifact id: '224bc8a540dd2d4a07597a03b3f60a81') in 0.0112943 seconds
Number of updated asset objects reloaded before import = 0Number of asset objects unloaded after import = 3

========================================================================
Received Import Request.
  Time since last request: 0.000011 seconds.
  path: Assets/Gutty Kreum/JRPG Character Pack/Tiles/Tilemap_302.asset
  artifactKey: Guid(66109cce46baae847808bb68ed8fd2af) Importer(815301076,1909f56bfc062723c751e8b465ee728b)
Start importing Assets/Gutty Kreum/JRPG Character Pack/Tiles/Tilemap_302.asset using Guid(66109cce46baae847808bb68ed8fd2af) Importer(815301076,1909f56bfc062723c751e8b465ee728b) (PreviewImporter) -> (artifact id: 'db75e74fe6170d435e0b899c707a3e24') in 0.0108016 seconds
Number of updated asset objects reloaded before import = 0Number of asset objects unloaded after import = 3

========================================================================
Received Import Request.
  Time since last request: 0.000013 seconds.
  path: Assets/Gutty Kreum/JRPG Character Pack/Tiles/Tilemap_280.asset
  artifactKey: Guid(f3c81185ec6d1a94eb60be44ecf29687) Importer(815301076,1909f56bfc062723c751e8b465ee728b)
Start importing Assets/Gutty Kreum/JRPG Character Pack/Tiles/Tilemap_280.asset using Guid(f3c81185ec6d1a94eb60be44ecf29687) Importer(815301076,1909f56bfc062723c751e8b465ee728b) (PreviewImporter) -> (artifact id: 'e2e75a6e3d9b2ada0aba79be85d6cf9e') in 0.0112559 seconds
Number of updated asset objects reloaded before import = 0Number of asset objects unloaded after import = 3

Editor requested this worker to shutdown with reason: Scaling down because of idle timeout
AssetImportWorker is now disconnected from the server
Process exiting
Exiting without the bug reporter. Application will terminate with return code 0