Using pre-set license
Built from '6000.0/release' branch; Version is '6000.0.44f1 (101c91f3a8fb) revision 1055889'; Using compiler version '193933523'; Build Type 'Release'
OS: 'Windows 10  (10.0.19045) 64bit Professional' Language: 'en' Physical Memory: 32686 MB
BatchMode: 1, IsHumanControllingUs: 0, StartBugReporterOnCrash: 0, Is64bit: 1, IsPro: 1

COMMAND LINE ARGUMENTS:
C:\Program Files\Unity\Hub\Editor\6000.0.44f1\Editor\Unity.exe
-adb2
-batchMode
-noUpm
-name
AssetImportWorker5
-projectPath
D:/CyVerse Capstone
-logFile
Logs/AssetImportWorker5.log
-srvPort
62152
-job-worker-count
7
-background-job-worker-count
8
-gc-helper-count
1
Successfully changed project path to: D:/CyVerse Capstone
D:/CyVerse Capstone
[UnityMemory] Configuration Parameters - Can be set up in boot.config
    "memorysetup-bucket-allocator-granularity=16"
    "memorysetup-bucket-allocator-bucket-count=8"
    "memorysetup-bucket-allocator-block-size=33554432"
    "memorysetup-bucket-allocator-block-count=8"
    "memorysetup-main-allocator-block-size=16777216"
    "memorysetup-thread-allocator-block-size=16777216"
    "memorysetup-gfx-main-allocator-block-size=16777216"
    "memorysetup-gfx-thread-allocator-block-size=16777216"
    "memorysetup-cache-allocator-block-size=4194304"
    "memorysetup-typetree-allocator-block-size=2097152"
    "memorysetup-profiler-bucket-allocator-granularity=16"
    "memorysetup-profiler-bucket-allocator-bucket-count=8"
    "memorysetup-profiler-bucket-allocator-block-size=33554432"
    "memorysetup-profiler-bucket-allocator-block-count=8"
    "memorysetup-profiler-allocator-block-size=16777216"
    "memorysetup-profiler-editor-allocator-block-size=1048576"
    "memorysetup-temp-allocator-size-main=16777216"
    "memorysetup-job-temp-allocator-block-size=2097152"
    "memorysetup-job-temp-allocator-block-size-background=1048576"
    "memorysetup-job-temp-allocator-reduction-small-platforms=262144"
    "memorysetup-allocator-temp-initial-block-size-main=262144"
    "memorysetup-allocator-temp-initial-block-size-worker=262144"
    "memorysetup-temp-allocator-size-background-worker=32768"
    "memorysetup-temp-allocator-size-job-worker=262144"
    "memorysetup-temp-allocator-size-preload-manager=33554432"
    "memorysetup-temp-allocator-size-nav-mesh-worker=65536"
    "memorysetup-temp-allocator-size-audio-worker=65536"
    "memorysetup-temp-allocator-size-cloud-worker=32768"
    "memorysetup-temp-allocator-size-gi-baking-worker=262144"
    "memorysetup-temp-allocator-size-gi-baking-worker=262144"
    "memorysetup-temp-allocator-size-gi-baking-worker=262144"
    "memorysetup-temp-allocator-size-gi-baking-worker=262144"
    "memorysetup-temp-allocator-size-gi-baking-worker=262144"
    "memorysetup-temp-allocator-size-gfx=262144"
Player connection [10584]  Target information:

Player connection [10584]  * "[IP] 192.168.0.58 [Port] 0 [Flags] 2 [Guid] 1289231493 [EditorId] 1289231493 [Version] 1048832 [Id] WindowsEditor(7,DESKTOP-9U2DB69) [Debug] 1 [PackageName] WindowsEditor [ProjectName] Editor" 

Player connection [10584]  * "[IP] 192.168.56.1 [Port] 0 [Flags] 2 [Guid] 1289231493 [EditorId] 1289231493 [Version] 1048832 [Id] WindowsEditor(7,DESKTOP-9U2DB69) [Debug] 1 [PackageName] WindowsEditor [ProjectName] Editor" 

Player connection [10584] Host joined multi-casting on [225.0.0.222:54997]...
Player connection [10584] Host joined alternative multi-casting on [225.0.0.222:34997]...
JobSystem: Creating JobQueue using job-worker-count value 7
Input System module state changed to: Initialized.
[Physics::Module] Initialized fallback backend.
[Physics::Module] Id: 0xdecafbad
Library Redirect Path: Library/
[Physics::Module] Selected backend.
[Physics::Module] Name: PhysX
[Physics::Module] Id: 0xf2b8ea05
[Physics::Module] SDK Version: 4.1.2
[Physics::Module] Integration Version: 1.0.0
[Physics::Module] Threading Mode: Multi-Threaded
Refreshing native plugins compatible for Editor in 2.18 ms, found 4 plugins.
Preloading 0 native plugins for Editor in 0.00 ms.
Initialize engine version: 6000.0.44f1 (101c91f3a8fb)
[Subsystems] Discovering subsystems at path C:/Program Files/Unity/Hub/Editor/6000.0.44f1/Editor/Data/Resources/UnitySubsystems
[Subsystems] Discovering subsystems at path D:/CyVerse Capstone/Assets
GfxDevice: creating device client; kGfxThreadingModeNonThreaded
Direct3D:
    Version:  Direct3D 11.0 [level 11.1]
    Renderer: NVIDIA GeForce GTX 1650 SUPER (ID=0x2187)
    Vendor:   NVIDIA
    VRAM:     3930 MB
    Driver:   32.0.15.7216
Initialize mono
Mono path[0] = 'C:/Program Files/Unity/Hub/Editor/6000.0.44f1/Editor/Data/Managed'
Mono path[1] = 'C:/Program Files/Unity/Hub/Editor/6000.0.44f1/Editor/Data/MonoBleedingEdge/lib/mono/unityjit-win32'
Mono config path = 'C:/Program Files/Unity/Hub/Editor/6000.0.44f1/Editor/Data/MonoBleedingEdge/etc'
Using monoOptions --debugger-agent=transport=dt_socket,embedding=1,server=y,suspend=n,address=127.0.0.1:56084
Begin MonoManager ReloadAssembly
Registering precompiled unity dll's ...
Register platform support module: C:/Program Files/Unity/Hub/Editor/6000.0.44f1/Editor/Data/PlaybackEngines/WindowsStandaloneSupport/UnityEditor.WindowsStandalone.Extensions.dll
Registered in 0.002858 seconds.
- Loaded All Assemblies, in  0.361 seconds
Native extension for WindowsStandalone target not found
Mono: successfully reloaded assembly
- Finished resetting the current domain, in  0.291 seconds
Domain Reload Profiling: 648ms
	BeginReloadAssembly (116ms)
		ExecutionOrderSort (0ms)
		DisableScriptedObjects (0ms)
		BackupInstance (0ms)
		ReleaseScriptingObjects (0ms)
		CreateAndSetChildDomain (1ms)
	RebuildCommonClasses (34ms)
	RebuildNativeTypeToScriptingClass (12ms)
	initialDomainReloadingComplete (47ms)
	LoadAllAssembliesAndSetupDomain (148ms)
		LoadAssemblies (113ms)
		RebuildTransferFunctionScriptingTraits (0ms)
		AnalyzeDomain (146ms)
			TypeCache.Refresh (145ms)
				TypeCache.ScanAssembly (132ms)
			BuildScriptInfoCaches (0ms)
			ResolveRequiredComponents (0ms)
	FinalizeReload (291ms)
		ReleaseScriptCaches (0ms)
		RebuildScriptCaches (0ms)
		SetupLoadedEditorAssemblies (249ms)
			LogAssemblyErrors (0ms)
			InitializePlatformSupportModulesInManaged (23ms)
			SetLoadedEditorAssemblies (4ms)
			BeforeProcessingInitializeOnLoad (46ms)
			ProcessInitializeOnLoadAttributes (126ms)
			ProcessInitializeOnLoadMethodAttributes (50ms)
			AfterProcessingInitializeOnLoad (0ms)
			EditorAssembliesLoaded (0ms)
		ExecutionOrderSort2 (0ms)
		AwakeInstancesAfterBackupRestoration (0ms)
========================================================================
Worker process is ready to serve import requests
Import Worker Mode flag is 0x00
Begin MonoManager ReloadAssembly
- Loaded All Assemblies, in  0.733 seconds
Refreshing native plugins compatible for Editor in 1.43 ms, found 4 plugins.
Native extension for WindowsStandalone target not found
Mono: successfully reloaded assembly
- Finished resetting the current domain, in  0.714 seconds
Domain Reload Profiling: 1443ms
	BeginReloadAssembly (149ms)
		ExecutionOrderSort (0ms)
		DisableScriptedObjects (7ms)
		BackupInstance (0ms)
		ReleaseScriptingObjects (0ms)
		CreateAndSetChildDomain (22ms)
	RebuildCommonClasses (33ms)
	RebuildNativeTypeToScriptingClass (12ms)
	initialDomainReloadingComplete (36ms)
	LoadAllAssembliesAndSetupDomain (499ms)
		LoadAssemblies (305ms)
		RebuildTransferFunctionScriptingTraits (0ms)
		AnalyzeDomain (282ms)
			TypeCache.Refresh (201ms)
				TypeCache.ScanAssembly (181ms)
			BuildScriptInfoCaches (63ms)
			ResolveRequiredComponents (15ms)
	FinalizeReload (714ms)
		ReleaseScriptCaches (0ms)
		RebuildScriptCaches (0ms)
		SetupLoadedEditorAssemblies (578ms)
			LogAssemblyErrors (0ms)
			InitializePlatformSupportModulesInManaged (2ms)
			SetLoadedEditorAssemblies (3ms)
			BeforeProcessingInitializeOnLoad (104ms)
			ProcessInitializeOnLoadAttributes (347ms)
			ProcessInitializeOnLoadMethodAttributes (117ms)
			AfterProcessingInitializeOnLoad (6ms)
			EditorAssembliesLoaded (0ms)
		ExecutionOrderSort2 (0ms)
		AwakeInstancesAfterBackupRestoration (5ms)
Launched and connected shader compiler UnityShaderCompiler.exe after 0.01 seconds
Refreshing native plugins compatible for Editor in 2.53 ms, found 4 plugins.
Preloading 0 native plugins for Editor in 0.00 ms.
Unloading 220 Unused Serialized files (Serialized files now loaded: 0)
Unloading 6604 unused Assets / (7.5 MB). Loaded Objects now: 7264.
Memory consumption went from 183.0 MB to 175.4 MB.
Total: 14.771900 ms (FindLiveObjects: 0.913600 ms CreateObjectMapping: 1.388900 ms MarkObjects: 7.404200 ms  DeleteObjects: 5.063700 ms)

========================================================================
Received Import Request.
  Time since last request: 20673.061405 seconds.
  path: Assets/City Pack/Prefab/BL001_2.prefab
  artifactKey: Guid(a7a018567498e9447a9048ef34dbee82) Importer(815301076,1909f56bfc062723c751e8b465ee728b)
Start importing Assets/City Pack/Prefab/BL001_2.prefab using Guid(a7a018567498e9447a9048ef34dbee82) Importer(815301076,1909f56bfc062723c751e8b465ee728b) (PreviewImporter) -> (artifact id: 'f6f8759c54ecc6fdc9bb73ad54efd158') in 0.494946 seconds
Number of updated asset objects reloaded before import = 0Number of asset objects unloaded after import = 9

========================================================================
Received Import Request.
  Time since last request: 1.044456 seconds.
  path: Assets/CP_V1.0.4_1.asset
  artifactKey: Guid(0a1497115a879d64c9decd3b1dc2411e) Importer(815301076,1909f56bfc062723c751e8b465ee728b)
Start importing Assets/CP_V1.0.4_1.asset using Guid(0a1497115a879d64c9decd3b1dc2411e) Importer(815301076,1909f56bfc062723c751e8b465ee728b) (PreviewImporter) -> (artifact id: '29c3738ebb24e35fe0cc38cb665b6584') in 0.0213545 seconds
Number of updated asset objects reloaded before import = 0Number of asset objects unloaded after import = 3

========================================================================
Received Import Request.
  Time since last request: 0.000022 seconds.
  path: Assets/CP_V1.0.4_28.asset
  artifactKey: Guid(81bff6eea5926d3459e24fc36e4a9cd6) Importer(815301076,1909f56bfc062723c751e8b465ee728b)
Start importing Assets/CP_V1.0.4_28.asset using Guid(81bff6eea5926d3459e24fc36e4a9cd6) Importer(815301076,1909f56bfc062723c751e8b465ee728b) (PreviewImporter) -> (artifact id: 'c26dcd0a3a4119c9464cd23094a1f96a') in 0.0122999 seconds
Number of updated asset objects reloaded before import = 0Number of asset objects unloaded after import = 3

========================================================================
Received Import Request.
  Time since last request: 0.000026 seconds.
  path: Assets/CP_V1.0.4_2.asset
  artifactKey: Guid(d5c82c8e1bbeba34c98899e621b08a00) Importer(815301076,1909f56bfc062723c751e8b465ee728b)
Start importing Assets/CP_V1.0.4_2.asset using Guid(d5c82c8e1bbeba34c98899e621b08a00) Importer(815301076,1909f56bfc062723c751e8b465ee728b) (PreviewImporter) -> (artifact id: '76bd57c5bfc58a34b91b25f178b344e9') in 0.0111999 seconds
Number of updated asset objects reloaded before import = 0Number of asset objects unloaded after import = 3

========================================================================
Received Import Request.
  Time since last request: 0.000030 seconds.
  path: Assets/CP_V1.0.4_27.asset
  artifactKey: Guid(91d7a4f34701ec04ca0d2932798daeb1) Importer(815301076,1909f56bfc062723c751e8b465ee728b)
Start importing Assets/CP_V1.0.4_27.asset using Guid(91d7a4f34701ec04ca0d2932798daeb1) Importer(815301076,1909f56bfc062723c751e8b465ee728b) (PreviewImporter) -> (artifact id: 'b838ec5114114ca4f014b2aead4fd361') in 0.0112293 seconds
Number of updated asset objects reloaded before import = 0Number of asset objects unloaded after import = 3

========================================================================
Received Import Request.
  Time since last request: 0.000028 seconds.
  path: Assets/CP_V1.0.4_16.asset
  artifactKey: Guid(ce515eb070babf440921cd0ca11e5527) Importer(815301076,1909f56bfc062723c751e8b465ee728b)
Start importing Assets/CP_V1.0.4_16.asset using Guid(ce515eb070babf440921cd0ca11e5527) Importer(815301076,1909f56bfc062723c751e8b465ee728b) (PreviewImporter) -> (artifact id: '72cf91b245e5b37cbaca2eca3b42dfe9') in 0.0120704 seconds
Number of updated asset objects reloaded before import = 0Number of asset objects unloaded after import = 3

========================================================================
Received Import Request.
  Time since last request: 0.000018 seconds.
  path: Assets/CP_V1.0.4_35.asset
  artifactKey: Guid(852790cbbef171c47ad49d53a8464bd2) Importer(815301076,1909f56bfc062723c751e8b465ee728b)
Start importing Assets/CP_V1.0.4_35.asset using Guid(852790cbbef171c47ad49d53a8464bd2) Importer(815301076,1909f56bfc062723c751e8b465ee728b) (PreviewImporter) -> (artifact id: '1ba22be8a6c4163064cbb020d8f180c8') in 0.0117282 seconds
Number of updated asset objects reloaded before import = 0Number of asset objects unloaded after import = 3

========================================================================
Received Import Request.
  Time since last request: 0.000026 seconds.
  path: Assets/CP_V1.0.4_43.asset
  artifactKey: Guid(782682b8bf256564f8c1c9629c16a93e) Importer(815301076,1909f56bfc062723c751e8b465ee728b)
Start importing Assets/CP_V1.0.4_43.asset using Guid(782682b8bf256564f8c1c9629c16a93e) Importer(815301076,1909f56bfc062723c751e8b465ee728b) (PreviewImporter) -> (artifact id: '79ba350e2983f7a83779f28e77e4a333') in 0.0107841 seconds
Number of updated asset objects reloaded before import = 0Number of asset objects unloaded after import = 3

========================================================================
Received Import Request.
  Time since last request: 0.000022 seconds.
  path: Assets/CP_V1.0.4_31.asset
  artifactKey: Guid(f6a94322f23d87443893c99e7714d0df) Importer(815301076,1909f56bfc062723c751e8b465ee728b)
Start importing Assets/CP_V1.0.4_31.asset using Guid(f6a94322f23d87443893c99e7714d0df) Importer(815301076,1909f56bfc062723c751e8b465ee728b) (PreviewImporter) -> (artifact id: '8466b4b3351fbdbeab1845c2c3ec0310') in 0.0112883 seconds
Number of updated asset objects reloaded before import = 0Number of asset objects unloaded after import = 3

========================================================================
Received Import Request.
  Time since last request: 0.000024 seconds.
  path: Assets/CP_V1.0.4_7.asset
  artifactKey: Guid(08aaca5d535b5c9468903d64270fa2b7) Importer(815301076,1909f56bfc062723c751e8b465ee728b)
Start importing Assets/CP_V1.0.4_7.asset using Guid(08aaca5d535b5c9468903d64270fa2b7) Importer(815301076,1909f56bfc062723c751e8b465ee728b) (PreviewImporter) -> (artifact id: '00656834976b1877375864c045d463d0') in 0.0128518 seconds
Number of updated asset objects reloaded before import = 0Number of asset objects unloaded after import = 3

========================================================================
Received Import Request.
  Time since last request: 0.000024 seconds.
  path: Assets/CP_V1.0.4_17.asset
  artifactKey: Guid(a25eca57b1d71d14089c25f00b5d3330) Importer(815301076,1909f56bfc062723c751e8b465ee728b)
Start importing Assets/CP_V1.0.4_17.asset using Guid(a25eca57b1d71d14089c25f00b5d3330) Importer(815301076,1909f56bfc062723c751e8b465ee728b) (PreviewImporter) -> (artifact id: '71dd851203aeca72b6b98a8704725265') in 0.0107559 seconds
Number of updated asset objects reloaded before import = 0Number of asset objects unloaded after import = 3

========================================================================
Received Import Request.
  Time since last request: 0.000019 seconds.
  path: Assets/CP_V1.0.4_9.asset
  artifactKey: Guid(0f4e6cd366415c74db0f9aae45423616) Importer(815301076,1909f56bfc062723c751e8b465ee728b)
Start importing Assets/CP_V1.0.4_9.asset using Guid(0f4e6cd366415c74db0f9aae45423616) Importer(815301076,1909f56bfc062723c751e8b465ee728b) (PreviewImporter) -> (artifact id: 'adf7b7dfa39402d961c6127d55bc4497') in 0.0110388 seconds
Number of updated asset objects reloaded before import = 0Number of asset objects unloaded after import = 3

========================================================================
Received Import Request.
  Time since last request: 0.000018 seconds.
  path: Assets/CP_V1.0.4_33.asset
  artifactKey: Guid(6c6c51fdc74d10545b098f23c0045219) Importer(815301076,1909f56bfc062723c751e8b465ee728b)
Start importing Assets/CP_V1.0.4_33.asset using Guid(6c6c51fdc74d10545b098f23c0045219) Importer(815301076,1909f56bfc062723c751e8b465ee728b) (PreviewImporter) -> (artifact id: 'dd74688c371dc7257a7258d4fe0b81ae') in 0.0119204 seconds
Number of updated asset objects reloaded before import = 0Number of asset objects unloaded after import = 3

========================================================================
Received Import Request.
  Time since last request: 0.000028 seconds.
  path: Assets/CP_V1.0.4_15.asset
  artifactKey: Guid(5d3a19a86b7e78a4ea342a4e39f68093) Importer(815301076,1909f56bfc062723c751e8b465ee728b)
Start importing Assets/CP_V1.0.4_15.asset using Guid(5d3a19a86b7e78a4ea342a4e39f68093) Importer(815301076,1909f56bfc062723c751e8b465ee728b) (PreviewImporter) -> (artifact id: 'f3b7d5ebc694fd58d4ea3aa34b6b7d9a') in 0.0112361 seconds
Number of updated asset objects reloaded before import = 0Number of asset objects unloaded after import = 3

========================================================================
Received Import Request.
  Time since last request: 0.000029 seconds.
  path: Assets/CP_V1.0.4_14.asset
  artifactKey: Guid(6c11ff2845ad5654983f14e029f8c4c4) Importer(815301076,1909f56bfc062723c751e8b465ee728b)
Start importing Assets/CP_V1.0.4_14.asset using Guid(6c11ff2845ad5654983f14e029f8c4c4) Importer(815301076,1909f56bfc062723c751e8b465ee728b) (PreviewImporter) -> (artifact id: '36f7e1507fbf3d247d1727baeccaae34') in 0.011246 seconds
Number of updated asset objects reloaded before import = 0Number of asset objects unloaded after import = 3

========================================================================
Received Import Request.
  Time since last request: 0.000031 seconds.
  path: Assets/CP_V1.0.4_8.asset
  artifactKey: Guid(5e5d196cba2f2bc44a0c009df42f5ba1) Importer(815301076,1909f56bfc062723c751e8b465ee728b)
Start importing Assets/CP_V1.0.4_8.asset using Guid(5e5d196cba2f2bc44a0c009df42f5ba1) Importer(815301076,1909f56bfc062723c751e8b465ee728b) (PreviewImporter) -> (artifact id: '704dc1947c23d9e7150b7e0aaa1109ac') in 0.0109877 seconds
Number of updated asset objects reloaded before import = 0Number of asset objects unloaded after import = 3

========================================================================
Received Import Request.
  Time since last request: 0.000021 seconds.
  path: Assets/CP_V1.0.4_21.asset
  artifactKey: Guid(798833aac9dcf6e4f8c1349046f36322) Importer(815301076,1909f56bfc062723c751e8b465ee728b)
Start importing Assets/CP_V1.0.4_21.asset using Guid(798833aac9dcf6e4f8c1349046f36322) Importer(815301076,1909f56bfc062723c751e8b465ee728b) (PreviewImporter) -> (artifact id: '50630818a41939a99cc258e14ee69c95') in 0.0127225 seconds
Number of updated asset objects reloaded before import = 0Number of asset objects unloaded after import = 3

========================================================================
Received Import Request.
  Time since last request: 0.000026 seconds.
  path: Assets/CP_V1.0.4_45.asset
  artifactKey: Guid(60fe070d9b8a9e64fb8f3419faa67b91) Importer(815301076,1909f56bfc062723c751e8b465ee728b)
Start importing Assets/CP_V1.0.4_45.asset using Guid(60fe070d9b8a9e64fb8f3419faa67b91) Importer(815301076,1909f56bfc062723c751e8b465ee728b) (PreviewImporter) -> (artifact id: '3d4da0480e7f35273b017a91fc443031') in 0.0106219 seconds
Number of updated asset objects reloaded before import = 0Number of asset objects unloaded after import = 3

========================================================================
Received Import Request.
  Time since last request: 0.000020 seconds.
  path: Assets/CP_V1.0.4_36.asset
  artifactKey: Guid(ee633bfd041aeeb4689ef20cd9969fac) Importer(815301076,1909f56bfc062723c751e8b465ee728b)
Start importing Assets/CP_V1.0.4_36.asset using Guid(ee633bfd041aeeb4689ef20cd9969fac) Importer(815301076,1909f56bfc062723c751e8b465ee728b) (PreviewImporter) -> (artifact id: '699eeae831d3a7d4f0c118744bc84a7c') in 0.0116451 seconds
Number of updated asset objects reloaded before import = 0Number of asset objects unloaded after import = 3

========================================================================
Received Import Request.
  Time since last request: 0.000021 seconds.
  path: Assets/CP_V1.0.4_12.asset
  artifactKey: Guid(b374024bb15d35b4f926809fe4975202) Importer(815301076,1909f56bfc062723c751e8b465ee728b)
Start importing Assets/CP_V1.0.4_12.asset using Guid(b374024bb15d35b4f926809fe4975202) Importer(815301076,1909f56bfc062723c751e8b465ee728b) (PreviewImporter) -> (artifact id: '2f573d43eb656541b8c6bf7df44e0f63') in 0.0118568 seconds
Number of updated asset objects reloaded before import = 0Number of asset objects unloaded after import = 3

========================================================================
Received Import Request.
  Time since last request: 0.000017 seconds.
  path: Assets/CP_V1.0.4_3.asset
  artifactKey: Guid(d171f8c902f831a4a9f1dfb084d20138) Importer(815301076,1909f56bfc062723c751e8b465ee728b)
Start importing Assets/CP_V1.0.4_3.asset using Guid(d171f8c902f831a4a9f1dfb084d20138) Importer(815301076,1909f56bfc062723c751e8b465ee728b) (PreviewImporter) -> (artifact id: '27bc20020cdbef43bff8348145964019') in 0.0109895 seconds
Number of updated asset objects reloaded before import = 0Number of asset objects unloaded after import = 3

========================================================================
Received Import Request.
  Time since last request: 0.000025 seconds.
  path: Assets/CP_V1.0.4_50.asset
  artifactKey: Guid(eb35321c66b0668438e8c7c1e0e7dcf4) Importer(815301076,1909f56bfc062723c751e8b465ee728b)
Start importing Assets/CP_V1.0.4_50.asset using Guid(eb35321c66b0668438e8c7c1e0e7dcf4) Importer(815301076,1909f56bfc062723c751e8b465ee728b) (PreviewImporter) -> (artifact id: '8b4c82521fb9b5369ed4efc42d509a4c') in 0.0107833 seconds
Number of updated asset objects reloaded before import = 0Number of asset objects unloaded after import = 3

========================================================================
Received Import Request.
  Time since last request: 0.000017 seconds.
  path: Assets/CP_V1.0.4_22.asset
  artifactKey: Guid(44f3de6d05e421048a204486c31a6bc2) Importer(815301076,1909f56bfc062723c751e8b465ee728b)
Start importing Assets/CP_V1.0.4_22.asset using Guid(44f3de6d05e421048a204486c31a6bc2) Importer(815301076,1909f56bfc062723c751e8b465ee728b) (PreviewImporter) -> (artifact id: '3a55523b03a0ec58bd4d024d83009748') in 0.0110711 seconds
Number of updated asset objects reloaded before import = 0Number of asset objects unloaded after import = 3

========================================================================
Received Import Request.
  Time since last request: 0.000025 seconds.
  path: Assets/CP_V1.0.4_29.asset
  artifactKey: Guid(fcf2b89714fac2c41b6c85d0dec8945e) Importer(815301076,1909f56bfc062723c751e8b465ee728b)
Start importing Assets/CP_V1.0.4_29.asset using Guid(fcf2b89714fac2c41b6c85d0dec8945e) Importer(815301076,1909f56bfc062723c751e8b465ee728b) (PreviewImporter) -> (artifact id: '69728a5192e5565e260c23aecbba34a2') in 0.0120238 seconds
Number of updated asset objects reloaded before import = 0Number of asset objects unloaded after import = 3

========================================================================
Received Import Request.
  Time since last request: 0.000025 seconds.
  path: Assets/CP_V1.0.4_19.asset
  artifactKey: Guid(74acc0ca9cf6d33418649078db2f66ca) Importer(815301076,1909f56bfc062723c751e8b465ee728b)
Start importing Assets/CP_V1.0.4_19.asset using Guid(74acc0ca9cf6d33418649078db2f66ca) Importer(815301076,1909f56bfc062723c751e8b465ee728b) (PreviewImporter) -> (artifact id: 'b64bab2328e7e11180638aea9a35d523') in 0.0105072 seconds
Number of updated asset objects reloaded before import = 0Number of asset objects unloaded after import = 3

========================================================================
Received Import Request.
  Time since last request: 0.000023 seconds.
  path: Assets/CP_V1.0.4_34.asset
  artifactKey: Guid(0152170355a246845b35fb316b847c10) Importer(815301076,1909f56bfc062723c751e8b465ee728b)
Start importing Assets/CP_V1.0.4_34.asset using Guid(0152170355a246845b35fb316b847c10) Importer(815301076,1909f56bfc062723c751e8b465ee728b) (PreviewImporter) -> (artifact id: '50420e60885d9b754810cdd435970f24') in 0.0120911 seconds
Number of updated asset objects reloaded before import = 0Number of asset objects unloaded after import = 3

========================================================================
Received Import Request.
  Time since last request: 0.000026 seconds.
  path: Assets/CP_V1.0.4_41.asset
  artifactKey: Guid(2a86e0f83bbc99b438bb75bfc98606c8) Importer(815301076,1909f56bfc062723c751e8b465ee728b)
Start importing Assets/CP_V1.0.4_41.asset using Guid(2a86e0f83bbc99b438bb75bfc98606c8) Importer(815301076,1909f56bfc062723c751e8b465ee728b) (PreviewImporter) -> (artifact id: 'f74972c80b590e1b7175653eb0c51917') in 0.0119631 seconds
Number of updated asset objects reloaded before import = 0Number of asset objects unloaded after import = 3

Editor requested this worker to shutdown with reason: Scaling down because of idle timeout
AssetImportWorker is now disconnected from the server
Process exiting
Exiting without the bug reporter. Application will terminate with return code 0