Using pre-set license
Built from '6000.0/release' branch; Version is '6000.0.44f1 (101c91f3a8fb) revision 1055889'; Using compiler version '193933523'; Build Type 'Release'
OS: 'Windows 10  (10.0.19045) 64bit Professional' Language: 'en' Physical Memory: 32686 MB
BatchMode: 1, IsHumanControllingUs: 0, StartBugReporterOnCrash: 0, Is64bit: 1, IsPro: 1

COMMAND LINE ARGUMENTS:
C:\Program Files\Unity\Hub\Editor\6000.0.44f1\Editor\Unity.exe
-adb2
-batchMode
-noUpm
-name
AssetImportWorker1
-projectPath
D:/CyVerse Capstone
-logFile
Logs/AssetImportWorker1.log
-srvPort
62152
-job-worker-count
7
-background-job-worker-count
8
-gc-helper-count
1
Successfully changed project path to: D:/CyVerse Capstone
D:/CyVerse Capstone
[UnityMemory] Configuration Parameters - Can be set up in boot.config
    "memorysetup-bucket-allocator-granularity=16"
    "memorysetup-bucket-allocator-bucket-count=8"
    "memorysetup-bucket-allocator-block-size=33554432"
    "memorysetup-bucket-allocator-block-count=8"
    "memorysetup-main-allocator-block-size=16777216"
    "memorysetup-thread-allocator-block-size=16777216"
    "memorysetup-gfx-main-allocator-block-size=16777216"
    "memorysetup-gfx-thread-allocator-block-size=16777216"
    "memorysetup-cache-allocator-block-size=4194304"
    "memorysetup-typetree-allocator-block-size=2097152"
    "memorysetup-profiler-bucket-allocator-granularity=16"
    "memorysetup-profiler-bucket-allocator-bucket-count=8"
    "memorysetup-profiler-bucket-allocator-block-size=33554432"
    "memorysetup-profiler-bucket-allocator-block-count=8"
    "memorysetup-profiler-allocator-block-size=16777216"
    "memorysetup-profiler-editor-allocator-block-size=1048576"
    "memorysetup-temp-allocator-size-main=16777216"
    "memorysetup-job-temp-allocator-block-size=2097152"
    "memorysetup-job-temp-allocator-block-size-background=1048576"
    "memorysetup-job-temp-allocator-reduction-small-platforms=262144"
    "memorysetup-allocator-temp-initial-block-size-main=262144"
    "memorysetup-allocator-temp-initial-block-size-worker=262144"
    "memorysetup-temp-allocator-size-background-worker=32768"
    "memorysetup-temp-allocator-size-job-worker=262144"
    "memorysetup-temp-allocator-size-preload-manager=33554432"
    "memorysetup-temp-allocator-size-nav-mesh-worker=65536"
    "memorysetup-temp-allocator-size-audio-worker=65536"
    "memorysetup-temp-allocator-size-cloud-worker=32768"
    "memorysetup-temp-allocator-size-gi-baking-worker=262144"
    "memorysetup-temp-allocator-size-gi-baking-worker=262144"
    "memorysetup-temp-allocator-size-gi-baking-worker=262144"
    "memorysetup-temp-allocator-size-gi-baking-worker=262144"
    "memorysetup-temp-allocator-size-gi-baking-worker=262144"
    "memorysetup-temp-allocator-size-gfx=262144"
Player connection [6536]  Target information:

Player connection [6536]  * "[IP] 192.168.0.58 [Port] 0 [Flags] 2 [Guid] 2924816229 [EditorId] 2924816229 [Version] 1048832 [Id] WindowsEditor(7,DESKTOP-9U2DB69) [Debug] 1 [PackageName] WindowsEditor [ProjectName] Editor" 

Player connection [6536]  * "[IP] 192.168.56.1 [Port] 0 [Flags] 2 [Guid] 2924816229 [EditorId] 2924816229 [Version] 1048832 [Id] WindowsEditor(7,DESKTOP-9U2DB69) [Debug] 1 [PackageName] WindowsEditor [ProjectName] Editor" 

Player connection [6536] Host joined multi-casting on [225.0.0.222:54997]...
Player connection [6536] Host joined alternative multi-casting on [225.0.0.222:34997]...
JobSystem: Creating JobQueue using job-worker-count value 7
Input System module state changed to: Initialized.
[Physics::Module] Initialized fallback backend.
[Physics::Module] Id: 0xdecafbad
Library Redirect Path: Library/
[Physics::Module] Selected backend.
[Physics::Module] Name: PhysX
[Physics::Module] Id: 0xf2b8ea05
[Physics::Module] SDK Version: 4.1.2
[Physics::Module] Integration Version: 1.0.0
[Physics::Module] Threading Mode: Multi-Threaded
Refreshing native plugins compatible for Editor in 2.27 ms, found 4 plugins.
Preloading 0 native plugins for Editor in 0.00 ms.
Initialize engine version: 6000.0.44f1 (101c91f3a8fb)
[Subsystems] Discovering subsystems at path C:/Program Files/Unity/Hub/Editor/6000.0.44f1/Editor/Data/Resources/UnitySubsystems
[Subsystems] Discovering subsystems at path D:/CyVerse Capstone/Assets
GfxDevice: creating device client; kGfxThreadingModeNonThreaded
Direct3D:
    Version:  Direct3D 11.0 [level 11.1]
    Renderer: NVIDIA GeForce GTX 1650 SUPER (ID=0x2187)
    Vendor:   NVIDIA
    VRAM:     3930 MB
    Driver:   32.0.15.7216
Initialize mono
Mono path[0] = 'C:/Program Files/Unity/Hub/Editor/6000.0.44f1/Editor/Data/Managed'
Mono path[1] = 'C:/Program Files/Unity/Hub/Editor/6000.0.44f1/Editor/Data/MonoBleedingEdge/lib/mono/unityjit-win32'
Mono config path = 'C:/Program Files/Unity/Hub/Editor/6000.0.44f1/Editor/Data/MonoBleedingEdge/etc'
Using monoOptions --debugger-agent=transport=dt_socket,embedding=1,server=y,suspend=n,address=127.0.0.1:56084
Begin MonoManager ReloadAssembly
Registering precompiled unity dll's ...
Register platform support module: C:/Program Files/Unity/Hub/Editor/6000.0.44f1/Editor/Data/PlaybackEngines/WindowsStandaloneSupport/UnityEditor.WindowsStandalone.Extensions.dll
Registered in 0.003077 seconds.
- Loaded All Assemblies, in  0.387 seconds
Native extension for WindowsStandalone target not found
Mono: successfully reloaded assembly
- Finished resetting the current domain, in  0.316 seconds
Domain Reload Profiling: 700ms
	BeginReloadAssembly (127ms)
		ExecutionOrderSort (0ms)
		DisableScriptedObjects (0ms)
		BackupInstance (0ms)
		ReleaseScriptingObjects (0ms)
		CreateAndSetChildDomain (1ms)
	RebuildCommonClasses (37ms)
	RebuildNativeTypeToScriptingClass (14ms)
	initialDomainReloadingComplete (53ms)
	LoadAllAssembliesAndSetupDomain (152ms)
		LoadAssemblies (124ms)
		RebuildTransferFunctionScriptingTraits (0ms)
		AnalyzeDomain (150ms)
			TypeCache.Refresh (149ms)
				TypeCache.ScanAssembly (136ms)
			BuildScriptInfoCaches (0ms)
			ResolveRequiredComponents (0ms)
	FinalizeReload (316ms)
		ReleaseScriptCaches (0ms)
		RebuildScriptCaches (0ms)
		SetupLoadedEditorAssemblies (285ms)
			LogAssemblyErrors (0ms)
			InitializePlatformSupportModulesInManaged (23ms)
			SetLoadedEditorAssemblies (4ms)
			BeforeProcessingInitializeOnLoad (64ms)
			ProcessInitializeOnLoadAttributes (141ms)
			ProcessInitializeOnLoadMethodAttributes (53ms)
			AfterProcessingInitializeOnLoad (0ms)
			EditorAssembliesLoaded (0ms)
		ExecutionOrderSort2 (0ms)
		AwakeInstancesAfterBackupRestoration (0ms)
========================================================================
Worker process is ready to serve import requests
Import Worker Mode flag is 0x00
Begin MonoManager ReloadAssembly
- Loaded All Assemblies, in  0.760 seconds
Refreshing native plugins compatible for Editor in 1.48 ms, found 4 plugins.
Native extension for WindowsStandalone target not found
Mono: successfully reloaded assembly
- Finished resetting the current domain, in  0.742 seconds
Domain Reload Profiling: 1499ms
	BeginReloadAssembly (166ms)
		ExecutionOrderSort (0ms)
		DisableScriptedObjects (6ms)
		BackupInstance (0ms)
		ReleaseScriptingObjects (0ms)
		CreateAndSetChildDomain (25ms)
	RebuildCommonClasses (38ms)
	RebuildNativeTypeToScriptingClass (12ms)
	initialDomainReloadingComplete (41ms)
	LoadAllAssembliesAndSetupDomain (500ms)
		LoadAssemblies (333ms)
		RebuildTransferFunctionScriptingTraits (0ms)
		AnalyzeDomain (266ms)
			TypeCache.Refresh (196ms)
				TypeCache.ScanAssembly (178ms)
			BuildScriptInfoCaches (54ms)
			ResolveRequiredComponents (14ms)
	FinalizeReload (742ms)
		ReleaseScriptCaches (0ms)
		RebuildScriptCaches (0ms)
		SetupLoadedEditorAssemblies (605ms)
			LogAssemblyErrors (0ms)
			InitializePlatformSupportModulesInManaged (2ms)
			SetLoadedEditorAssemblies (3ms)
			BeforeProcessingInitializeOnLoad (103ms)
			ProcessInitializeOnLoadAttributes (369ms)
			ProcessInitializeOnLoadMethodAttributes (118ms)
			AfterProcessingInitializeOnLoad (9ms)
			EditorAssembliesLoaded (0ms)
		ExecutionOrderSort2 (0ms)
		AwakeInstancesAfterBackupRestoration (6ms)
Launched and connected shader compiler UnityShaderCompiler.exe after 0.01 seconds
Refreshing native plugins compatible for Editor in 2.29 ms, found 4 plugins.
Preloading 0 native plugins for Editor in 0.00 ms.
Unloading 220 Unused Serialized files (Serialized files now loaded: 0)
Unloading 6604 unused Assets / (7.2 MB). Loaded Objects now: 7264.
Memory consumption went from 180.9 MB to 173.7 MB.
Total: 14.123900 ms (FindLiveObjects: 0.945800 ms CreateObjectMapping: 1.432000 ms MarkObjects: 7.068600 ms  DeleteObjects: 4.676100 ms)

========================================================================
Received Import Request.
  Time since last request: 19560.244503 seconds.
  path: Assets/Demo/Game 1.unity
  artifactKey: Guid(b9d5f82f496d8dc458ef0f8f2785c729) Importer(815301076,1909f56bfc062723c751e8b465ee728b)
Start importing Assets/Demo/Game 1.unity using Guid(b9d5f82f496d8dc458ef0f8f2785c729) Importer(815301076,1909f56bfc062723c751e8b465ee728b) (PreviewImporter) -> (artifact id: 'f4500c6cad6f771bc54ff5214c9f72ee') in 0.0099008 seconds
Number of updated asset objects reloaded before import = 0Number of asset objects unloaded after import = 0

========================================================================
Received Import Request.
  Time since last request: 62.446974 seconds.
  path: Assets/Gutty Kreum/Japanese Office Interior/Tilemap/Office Interior.prefab
  artifactKey: Guid(5880a1a7cc266794fb2c693609b66644) Importer(815301076,1909f56bfc062723c751e8b465ee728b)
Start importing Assets/Gutty Kreum/Japanese Office Interior/Tilemap/Office Interior.prefab using Guid(5880a1a7cc266794fb2c693609b66644) Importer(815301076,1909f56bfc062723c751e8b465ee728b) (PreviewImporter) -> (artifact id: '9fdf26a23caaf089b82af5be10249e2c') in 0.8714446 seconds
Number of updated asset objects reloaded before import = 0Number of asset objects unloaded after import = 1830

========================================================================
Received Import Request.
  Time since last request: 360.966458 seconds.
  path: Assets/PixelPackTOPDOWN8BIT_1.asset
  artifactKey: Guid(a7775afa501e36741ace100e2dab8730) Importer(815301076,1909f56bfc062723c751e8b465ee728b)
Start importing Assets/PixelPackTOPDOWN8BIT_1.asset using Guid(a7775afa501e36741ace100e2dab8730) Importer(815301076,1909f56bfc062723c751e8b465ee728b) (PreviewImporter) -> (artifact id: 'ef7978e25f8f15864aaae26d8af67812') in 0.0185518 seconds
Number of updated asset objects reloaded before import = 0Number of asset objects unloaded after import = 3

========================================================================
Received Import Request.
  Time since last request: 66.241878 seconds.
  path: Assets/Lil Dragon TS 1/autoTile_roads.png
  artifactKey: Guid(c0a48ece8155d1c48b01b72d553b77fd) Importer(815301076,1909f56bfc062723c751e8b465ee728b)
Start importing Assets/Lil Dragon TS 1/autoTile_roads.png using Guid(c0a48ece8155d1c48b01b72d553b77fd) Importer(815301076,1909f56bfc062723c751e8b465ee728b) (PreviewImporter) -> (artifact id: '07330a8a256361f92a3d4bcb1a8f2b22') in 0.0318869 seconds
Number of updated asset objects reloaded before import = 0Number of asset objects unloaded after import = 3

========================================================================
Received Import Request.
  Time since last request: 0.000027 seconds.
  path: Assets/Lil Dragon TS 1/autoTile_water.png
  artifactKey: Guid(d53c4765a628dbc4da5c851c07a8a16c) Importer(815301076,1909f56bfc062723c751e8b465ee728b)
Start importing Assets/Lil Dragon TS 1/autoTile_water.png using Guid(d53c4765a628dbc4da5c851c07a8a16c) Importer(815301076,1909f56bfc062723c751e8b465ee728b) (PreviewImporter) -> (artifact id: '19ca1f0d76046ac8639de2b40ea471d8') in 0.0162826 seconds
Number of updated asset objects reloaded before import = 0Number of asset objects unloaded after import = 3

========================================================================
Received Import Request.
  Time since last request: 0.000028 seconds.
  path: Assets/Lil Dragon TS 1/ts_extras.png
  artifactKey: Guid(10a7c660e7ba73d488cc1cc8e4b2cd53) Importer(815301076,1909f56bfc062723c751e8b465ee728b)
Start importing Assets/Lil Dragon TS 1/ts_extras.png using Guid(10a7c660e7ba73d488cc1cc8e4b2cd53) Importer(815301076,1909f56bfc062723c751e8b465ee728b) (PreviewImporter) -> (artifact id: '5fd7a4699d7ba534b3b1dc5a374cc683') in 0.0156326 seconds
Number of updated asset objects reloaded before import = 0Number of asset objects unloaded after import = 3

========================================================================
Received Import Request.
  Time since last request: 0.000027 seconds.
  path: Assets/Lil Dragon TS 1/ts_constructions.png
  artifactKey: Guid(d9f5ca5151e447d418cbb1dbfb5ac30b) Importer(815301076,1909f56bfc062723c751e8b465ee728b)
Start importing Assets/Lil Dragon TS 1/ts_constructions.png using Guid(d9f5ca5151e447d418cbb1dbfb5ac30b) Importer(815301076,1909f56bfc062723c751e8b465ee728b) (PreviewImporter) -> (artifact id: 'bf86786960efaea16c71dd9ed31669a7') in 0.0149665 seconds
Number of updated asset objects reloaded before import = 0Number of asset objects unloaded after import = 3

========================================================================
Received Import Request.
  Time since last request: 0.000022 seconds.
  path: Assets/Lil Dragon TS 1/spr_itemsncolectables.png
  artifactKey: Guid(c16cd53e1d843714eb40bf43ce5f17c2) Importer(815301076,1909f56bfc062723c751e8b465ee728b)
Start importing Assets/Lil Dragon TS 1/spr_itemsncolectables.png using Guid(c16cd53e1d843714eb40bf43ce5f17c2) Importer(815301076,1909f56bfc062723c751e8b465ee728b) (PreviewImporter) -> (artifact id: '3fe84b845043825d89fd6081c5ffa902') in 0.0148502 seconds
Number of updated asset objects reloaded before import = 0Number of asset objects unloaded after import = 3

========================================================================
Received Import Request.
  Time since last request: 2.028200 seconds.
  path: Assets/Lil Dragon TS 1/Characters/char_01.png
  artifactKey: Guid(e9960fa1a1da1064ea791a3594340f77) Importer(815301076,1909f56bfc062723c751e8b465ee728b)
Start importing Assets/Lil Dragon TS 1/Characters/char_01.png using Guid(e9960fa1a1da1064ea791a3594340f77) Importer(815301076,1909f56bfc062723c751e8b465ee728b) (PreviewImporter) -> (artifact id: 'f92aa14b488c5a979e52eae25dd3b19d') in 0.0229041 seconds
Number of updated asset objects reloaded before import = 0Number of asset objects unloaded after import = 10

========================================================================
Received Import Request.
  Time since last request: 0.000018 seconds.
  path: Assets/Lil Dragon TS 1/Characters/char_08.png
  artifactKey: Guid(90dcd92c2fb9b904aab69d757c63b55c) Importer(815301076,1909f56bfc062723c751e8b465ee728b)
Start importing Assets/Lil Dragon TS 1/Characters/char_08.png using Guid(90dcd92c2fb9b904aab69d757c63b55c) Importer(815301076,1909f56bfc062723c751e8b465ee728b) (PreviewImporter) -> (artifact id: '17443e620405776ec3d774ff295cf51f') in 0.0110182 seconds
Number of updated asset objects reloaded before import = 0Number of asset objects unloaded after import = 3

========================================================================
Received Import Request.
  Time since last request: 0.000024 seconds.
  path: Assets/Lil Dragon TS 1/Characters/pink_slime.png
  artifactKey: Guid(0c414cc2742363b43b7daa00680cdcf6) Importer(815301076,1909f56bfc062723c751e8b465ee728b)
Start importing Assets/Lil Dragon TS 1/Characters/pink_slime.png using Guid(0c414cc2742363b43b7daa00680cdcf6) Importer(815301076,1909f56bfc062723c751e8b465ee728b) (PreviewImporter) -> (artifact id: '42e464ce7f39e2ad7fca9f7aa4a8e30c') in 0.0118132 seconds
Number of updated asset objects reloaded before import = 0Number of asset objects unloaded after import = 3

========================================================================
Received Import Request.
  Time since last request: 0.000021 seconds.
  path: Assets/Lil Dragon TS 1/Characters/char_10.png
  artifactKey: Guid(06fb41ca4c39ebc459b23807d4af63d9) Importer(815301076,1909f56bfc062723c751e8b465ee728b)
Start importing Assets/Lil Dragon TS 1/Characters/char_10.png using Guid(06fb41ca4c39ebc459b23807d4af63d9) Importer(815301076,1909f56bfc062723c751e8b465ee728b) (PreviewImporter) -> (artifact id: 'db7b0900ae11d90b94df026a30fb72ed') in 0.011506 seconds
Number of updated asset objects reloaded before import = 0Number of asset objects unloaded after import = 3

========================================================================
Received Import Request.
  Time since last request: 0.000016 seconds.
  path: Assets/Lil Dragon TS 1/Characters/char_09.png
  artifactKey: Guid(0f3266164a0f29b47b6d265f3ed42c20) Importer(815301076,1909f56bfc062723c751e8b465ee728b)
Start importing Assets/Lil Dragon TS 1/Characters/char_09.png using Guid(0f3266164a0f29b47b6d265f3ed42c20) Importer(815301076,1909f56bfc062723c751e8b465ee728b) (PreviewImporter) -> (artifact id: '6c69b8d059052d6c1adab78313d8e0ef') in 0.011691 seconds
Number of updated asset objects reloaded before import = 0Number of asset objects unloaded after import = 3

========================================================================
Received Import Request.
  Time since last request: 0.000026 seconds.
  path: Assets/Lil Dragon TS 1/Characters/char_04.png
  artifactKey: Guid(f4ca266488c62ef4ca70d4667c82b627) Importer(815301076,1909f56bfc062723c751e8b465ee728b)
Start importing Assets/Lil Dragon TS 1/Characters/char_04.png using Guid(f4ca266488c62ef4ca70d4667c82b627) Importer(815301076,1909f56bfc062723c751e8b465ee728b) (PreviewImporter) -> (artifact id: '20150c15c3393f1bfec5e0194322c50e') in 0.0119114 seconds
Number of updated asset objects reloaded before import = 0Number of asset objects unloaded after import = 3

========================================================================
Received Import Request.
  Time since last request: 0.000020 seconds.
  path: Assets/Lil Dragon TS 1/Characters/char_05.png
  artifactKey: Guid(26e036190712cb7479f83c2fc05f52d9) Importer(815301076,1909f56bfc062723c751e8b465ee728b)
Start importing Assets/Lil Dragon TS 1/Characters/char_05.png using Guid(26e036190712cb7479f83c2fc05f52d9) Importer(815301076,1909f56bfc062723c751e8b465ee728b) (PreviewImporter) -> (artifact id: '16687a76407e52060694e102dc73a2a4') in 0.0117259 seconds
Number of updated asset objects reloaded before import = 0Number of asset objects unloaded after import = 3

Editor requested this worker to shutdown with reason: Scaling down because of idle timeout
AssetImportWorker is now disconnected from the server
Process exiting
Exiting without the bug reporter. Application will terminate with return code 0